Performing C++ SOURCE FILE Test HAVE_ARM64_CRC32C failed with the following output:
Change Dir: /root/liteclient-build/CMakeFiles/CMakeTmp

Run Build Command:"/usr/bin/make" "cmTC_0be2e/fast"
/usr/bin/make -f CMakeFiles/cmTC_0be2e.dir/build.make CMakeFiles/cmTC_0be2e.dir/build
make[1]: Entering directory '/root/liteclient-build/CMakeFiles/CMakeTmp'
Building CXX object CMakeFiles/cmTC_0be2e.dir/src.cxx.o
/usr/bin/c++    -Wall -Wextra -Werror -fno-exceptions -fno-rtti -DHAVE_ARM64_CRC32C  -march=armv8-a+crc+crypto -fPIE   -o CMakeFiles/cmTC_0be2e.dir/src.cxx.o -c /root/liteclient-build/CMakeFiles/CMakeTmp/src.cxx
cc1plus: error: bad value (‘armv8-a+crc+crypto’) for ‘-march=’ switch
cc1plus: note: valid arguments to ‘-march=’ switch are: nocona core2 nehalem corei7 westmere sandybridge corei7-avx ivybridge core-avx-i haswell core-avx2 broadwell skylake skylake-avx512 bonnell atom silvermont slm knl x86-64 eden-x2 nano nano-1000 nano-2000 nano-3000 nano-x2 eden-x4 nano-x4 k8 k8-sse3 opteron opteron-sse3 athlon64 athlon64-sse3 athlon-fx amdfam10 barcelona bdver1 bdver2 bdver3 bdver4 znver1 btver1 btver2
CMakeFiles/cmTC_0be2e.dir/build.make:65: recipe for target 'CMakeFiles/cmTC_0be2e.dir/src.cxx.o' failed
make[1]: *** [CMakeFiles/cmTC_0be2e.dir/src.cxx.o] Error 1
make[1]: Leaving directory '/root/liteclient-build/CMakeFiles/CMakeTmp'
Makefile:126: recipe for target 'cmTC_0be2e/fast' failed
make: *** [cmTC_0be2e/fast] Error 2

Source file was:

#include <arm_acle.h>
#include <arm_neon.h>

int main() {
  __crc32cb(0, 0); __crc32ch(0, 0); __crc32cw(0, 0); __crc32cd(0, 0);
  vmull_p64(0, 0);
  return 0;
}

Performing C++ SOURCE FILE Test HAVE_STRONG_GETAUXVAL failed with the following output:
Change Dir: /root/liteclient-build/CMakeFiles/CMakeTmp

Run Build Command:"/usr/bin/make" "cmTC_95acc/fast"
/usr/bin/make -f CMakeFiles/cmTC_95acc.dir/build.make CMakeFiles/cmTC_95acc.dir/build
make[1]: Entering directory '/root/liteclient-build/CMakeFiles/CMakeTmp'
Building CXX object CMakeFiles/cmTC_95acc.dir/src.cxx.o
/usr/bin/c++    -Wall -Wextra -Werror -fno-exceptions -fno-rtti -DHAVE_STRONG_GETAUXVAL -fPIE   -o CMakeFiles/cmTC_95acc.dir/src.cxx.o -c /root/liteclient-build/CMakeFiles/CMakeTmp/src.cxx
/root/liteclient-build/CMakeFiles/CMakeTmp/src.cxx:2:10: fatal error: arm_acle.h: No such file or directory
 #include <arm_acle.h>
          ^~~~~~~~~~~~
compilation terminated.
CMakeFiles/cmTC_95acc.dir/build.make:65: recipe for target 'CMakeFiles/cmTC_95acc.dir/src.cxx.o' failed
make[1]: *** [CMakeFiles/cmTC_95acc.dir/src.cxx.o] Error 1
make[1]: Leaving directory '/root/liteclient-build/CMakeFiles/CMakeTmp'
Makefile:126: recipe for target 'cmTC_95acc/fast' failed
make: *** [cmTC_95acc/fast] Error 2

Source file was:

#include <arm_acle.h>
#include <arm_neon.h>
#include <sys/auxv.h>

int main() {
  getauxval(AT_HWCAP);
  return 0;
}

Determining if the pthread_create exist failed with the following output:
Change Dir: /root/liteclient-build/CMakeFiles/CMakeTmp

Run Build Command:"/usr/bin/make" "cmTC_3634e/fast"
/usr/bin/make -f CMakeFiles/cmTC_3634e.dir/build.make CMakeFiles/cmTC_3634e.dir/build
make[1]: Entering directory '/root/liteclient-build/CMakeFiles/CMakeTmp'
Building C object CMakeFiles/cmTC_3634e.dir/CheckSymbolExists.c.o
/usr/bin/cc   -fPIE   -o CMakeFiles/cmTC_3634e.dir/CheckSymbolExists.c.o   -c /root/liteclient-build/CMakeFiles/CMakeTmp/CheckSymbolExists.c
Linking C executable cmTC_3634e
/usr/bin/cmake -E cmake_link_script CMakeFiles/cmTC_3634e.dir/link.txt --verbose=1
/usr/bin/cc      -rdynamic CMakeFiles/cmTC_3634e.dir/CheckSymbolExists.c.o  -o cmTC_3634e 
CMakeFiles/cmTC_3634e.dir/CheckSymbolExists.c.o: In function `main':
CheckSymbolExists.c:(.text+0x1b): undefined reference to `pthread_create'
collect2: error: ld returned 1 exit status
CMakeFiles/cmTC_3634e.dir/build.make:97: recipe for target 'cmTC_3634e' failed
make[1]: *** [cmTC_3634e] Error 1
make[1]: Leaving directory '/root/liteclient-build/CMakeFiles/CMakeTmp'
Makefile:126: recipe for target 'cmTC_3634e/fast' failed
make: *** [cmTC_3634e/fast] Error 2

File /root/liteclient-build/CMakeFiles/CMakeTmp/CheckSymbolExists.c:
/* */
#include <pthread.h>

int main(int argc, char** argv)
{
  (void)argv;
#ifndef pthread_create
  return ((int*)(&pthread_create))[argc];
#else
  (void)argc;
  return 0;
#endif
}

Performing C++ SOURCE FILE Test HAVE_CXX_FLAG_QUNUSED_ARGUMENTS failed with the following output:
Change Dir: /root/liteclient-build/CMakeFiles/CMakeTmp

Run Build Command:"/usr/bin/make" "cmTC_20f4d/fast"
/usr/bin/make -f CMakeFiles/cmTC_20f4d.dir/build.make CMakeFiles/cmTC_20f4d.dir/build
make[1]: Entering directory '/root/liteclient-build/CMakeFiles/CMakeTmp'
Building CXX object CMakeFiles/cmTC_20f4d.dir/src.cxx.o
/usr/bin/c++    -march=native -pthread -std=c++14 -fno-omit-frame-pointer -ffunction-sections -fdata-sections -Wall -Wextra -Wimplicit-fallthrough=2 -Wpointer-arith -Wcast-qual -Wsign-compare -Wduplicated-branches -Wduplicated-cond -Walloc-zero -Wlogical-op -Wno-tautological-compare -Wpointer-arith -Wvla -Wnon-virtual-dtor -Wno-unused-parameter -Wconversion -Wno-sign-conversion -DHAVE_CXX_FLAG_QUNUSED_ARGUMENTS -Qunused-arguments -fPIE   -Qunused-arguments -o CMakeFiles/cmTC_20f4d.dir/src.cxx.o -c /root/liteclient-build/CMakeFiles/CMakeTmp/src.cxx
c++: error: unrecognized command line option '-Qunused-arguments'; did you mean '-Wunused-parameter'?
c++: error: unrecognized command line option '-Qunused-arguments'; did you mean '-Wunused-parameter'?
CMakeFiles/cmTC_20f4d.dir/build.make:65: recipe for target 'CMakeFiles/cmTC_20f4d.dir/src.cxx.o' failed
make[1]: *** [CMakeFiles/cmTC_20f4d.dir/src.cxx.o] Error 1
make[1]: Leaving directory '/root/liteclient-build/CMakeFiles/CMakeTmp'
Makefile:126: recipe for target 'cmTC_20f4d/fast' failed
make: *** [cmTC_20f4d/fast] Error 2

Source file was:
int main() { return 0; }
Performing C++ SOURCE FILE Test HAVE_CXX_FLAG_WUNUSED_PRIVATE_FIELD failed with the following output:
Change Dir: /root/liteclient-build/CMakeFiles/CMakeTmp

Run Build Command:"/usr/bin/make" "cmTC_b7999/fast"
/usr/bin/make -f CMakeFiles/cmTC_b7999.dir/build.make CMakeFiles/cmTC_b7999.dir/build
make[1]: Entering directory '/root/liteclient-build/CMakeFiles/CMakeTmp'
Building CXX object CMakeFiles/cmTC_b7999.dir/src.cxx.o
/usr/bin/c++    -march=native -pthread -std=c++14 -fno-omit-frame-pointer -ffunction-sections -fdata-sections -Wall -Wextra -Wimplicit-fallthrough=2 -Wpointer-arith -Wcast-qual -Wsign-compare -Wduplicated-branches -Wduplicated-cond -Walloc-zero -Wlogical-op -Wno-tautological-compare -Wpointer-arith -Wvla -Wnon-virtual-dtor -Wno-unused-parameter -Wconversion -Wno-sign-conversion -DHAVE_CXX_FLAG_WUNUSED_PRIVATE_FIELD -Wno-unused-private-field -fPIE   -Wunused-private-field -o CMakeFiles/cmTC_b7999.dir/src.cxx.o -c /root/liteclient-build/CMakeFiles/CMakeTmp/src.cxx
c++: error: unrecognized command line option '-Wunused-private-field'; did you mean '-Wunused-parameter'?
CMakeFiles/cmTC_b7999.dir/build.make:65: recipe for target 'CMakeFiles/cmTC_b7999.dir/src.cxx.o' failed
make[1]: *** [CMakeFiles/cmTC_b7999.dir/src.cxx.o] Error 1
make[1]: Leaving directory '/root/liteclient-build/CMakeFiles/CMakeTmp'
Makefile:126: recipe for target 'cmTC_b7999/fast' failed
make: *** [cmTC_b7999/fast] Error 2

Source file was:
int main() { return 0; }
Performing C++ SOURCE FILE Test HAVE_CXX_FLAG_WREDUNDANT_MOVE failed with the following output:
Change Dir: /root/liteclient-build/CMakeFiles/CMakeTmp

Run Build Command:"/usr/bin/make" "cmTC_667c2/fast"
/usr/bin/make -f CMakeFiles/cmTC_667c2.dir/build.make CMakeFiles/cmTC_667c2.dir/build
make[1]: Entering directory '/root/liteclient-build/CMakeFiles/CMakeTmp'
Building CXX object CMakeFiles/cmTC_667c2.dir/src.cxx.o
/usr/bin/c++    -march=native -pthread -std=c++14 -fno-omit-frame-pointer -ffunction-sections -fdata-sections -Wall -Wextra -Wimplicit-fallthrough=2 -Wpointer-arith -Wcast-qual -Wsign-compare -Wduplicated-branches -Wduplicated-cond -Walloc-zero -Wlogical-op -Wno-tautological-compare -Wpointer-arith -Wvla -Wnon-virtual-dtor -Wno-unused-parameter -Wconversion -Wno-sign-conversion -DHAVE_CXX_FLAG_WREDUNDANT_MOVE -Wno-redundant-move -fPIE   -Wredundant-move -o CMakeFiles/cmTC_667c2.dir/src.cxx.o -c /root/liteclient-build/CMakeFiles/CMakeTmp/src.cxx
c++: error: unrecognized command line option '-Wredundant-move'; did you mean '-Wredundant-decls'?
CMakeFiles/cmTC_667c2.dir/build.make:65: recipe for target 'CMakeFiles/cmTC_667c2.dir/src.cxx.o' failed
make[1]: *** [CMakeFiles/cmTC_667c2.dir/src.cxx.o] Error 1
make[1]: Leaving directory '/root/liteclient-build/CMakeFiles/CMakeTmp'
Makefile:126: recipe for target 'cmTC_667c2/fast' failed
make: *** [cmTC_667c2/fast] Error 2

Source file was:
int main() { return 0; }
