The system is: Linux - 4.15.0-1040-gcp - x86_64
Compiling the C compiler identification source file "CMakeCCompilerId.c" succeeded.
Compiler: /usr/bin/cc 
Build flags: 
Id flags:  

The output was:
0


Compilation of the C compiler identification source "CMakeCCompilerId.c" produced "a.out"

The C compiler identification is GNU, found in "/root/liteclient-build/CMakeFiles/3.10.2/CompilerIdC/a.out"

Compiling the CXX compiler identification source file "CMakeCXXCompilerId.cpp" succeeded.
Compiler: /usr/bin/c++ 
Build flags: 
Id flags:  

The output was:
0


Compilation of the CXX compiler identification source "CMakeCXXCompilerId.cpp" produced "a.out"

The CXX compiler identification is GNU, found in "/root/liteclient-build/CMakeFiles/3.10.2/CompilerIdCXX/a.out"

Determining if the C compiler works passed with the following output:
Change Dir: /root/liteclient-build/CMakeFiles/CMakeTmp

Run Build Command:"/usr/bin/make" "cmTC_0d229/fast"
/usr/bin/make -f CMakeFiles/cmTC_0d229.dir/build.make CMakeFiles/cmTC_0d229.dir/build
make[1]: Entering directory '/root/liteclient-build/CMakeFiles/CMakeTmp'
Building C object CMakeFiles/cmTC_0d229.dir/testCCompiler.c.o
/usr/bin/cc    -o CMakeFiles/cmTC_0d229.dir/testCCompiler.c.o   -c /root/liteclient-build/CMakeFiles/CMakeTmp/testCCompiler.c
Linking C executable cmTC_0d229
/usr/bin/cmake -E cmake_link_script CMakeFiles/cmTC_0d229.dir/link.txt --verbose=1
/usr/bin/cc      -rdynamic CMakeFiles/cmTC_0d229.dir/testCCompiler.c.o  -o cmTC_0d229 
make[1]: Leaving directory '/root/liteclient-build/CMakeFiles/CMakeTmp'


Detecting C compiler ABI info compiled with the following output:
Change Dir: /root/liteclient-build/CMakeFiles/CMakeTmp

Run Build Command:"/usr/bin/make" "cmTC_b1f3e/fast"
/usr/bin/make -f CMakeFiles/cmTC_b1f3e.dir/build.make CMakeFiles/cmTC_b1f3e.dir/build
make[1]: Entering directory '/root/liteclient-build/CMakeFiles/CMakeTmp'
Building C object CMakeFiles/cmTC_b1f3e.dir/CMakeCCompilerABI.c.o
/usr/bin/cc    -o CMakeFiles/cmTC_b1f3e.dir/CMakeCCompilerABI.c.o   -c /usr/share/cmake-3.10/Modules/CMakeCCompilerABI.c
Linking C executable cmTC_b1f3e
/usr/bin/cmake -E cmake_link_script CMakeFiles/cmTC_b1f3e.dir/link.txt --verbose=1
/usr/bin/cc     -v -rdynamic CMakeFiles/cmTC_b1f3e.dir/CMakeCCompilerABI.c.o  -o cmTC_b1f3e 
Using built-in specs.
COLLECT_GCC=/usr/bin/cc
COLLECT_LTO_WRAPPER=/usr/lib/gcc/x86_64-linux-gnu/7/lto-wrapper
OFFLOAD_TARGET_NAMES=nvptx-none
OFFLOAD_TARGET_DEFAULT=1
Target: x86_64-linux-gnu
Configured with: ../src/configure -v --with-pkgversion='Ubuntu 7.4.0-1ubuntu1~18.04.1' --with-bugurl=file:///usr/share/doc/gcc-7/README.Bugs --enable-languages=c,ada,c++,go,brig,d,fortran,objc,obj-c++ --prefix=/usr --with-gcc-major-version-only --program-suffix=-7 --program-prefix=x86_64-linux-gnu- --enable-shared --enable-linker-build-id --libexecdir=/usr/lib --without-included-gettext --enable-threads=posix --libdir=/usr/lib --enable-nls --with-sysroot=/ --enable-clocale=gnu --enable-libstdcxx-debug --enable-libstdcxx-time=yes --with-default-libstdcxx-abi=new --enable-gnu-unique-object --disable-vtable-verify --enable-libmpx --enable-plugin --enable-default-pie --with-system-zlib --with-target-system-zlib --enable-objc-gc=auto --enable-multiarch --disable-werror --with-arch-32=i686 --with-abi=m64 --with-multilib-list=m32,m64,mx32 --enable-multilib --with-tune=generic --enable-offload-targets=nvptx-none --without-cuda-driver --enable-checking=release --build=x86_64-linux-gnu --host=x86_64-linux-gnu --target=x86_64-linux-gnu
Thread model: posix
gcc version 7.4.0 (Ubuntu 7.4.0-1ubuntu1~18.04.1) 
COMPILER_PATH=/usr/lib/gcc/x86_64-linux-gnu/7/:/usr/lib/gcc/x86_64-linux-gnu/7/:/usr/lib/gcc/x86_64-linux-gnu/:/usr/lib/gcc/x86_64-linux-gnu/7/:/usr/lib/gcc/x86_64-linux-gnu/
LIBRARY_PATH=/usr/lib/gcc/x86_64-linux-gnu/7/:/usr/lib/gcc/x86_64-linux-gnu/7/../../../x86_64-linux-gnu/:/usr/lib/gcc/x86_64-linux-gnu/7/../../../../lib/:/lib/x86_64-linux-gnu/:/lib/../lib/:/usr/lib/x86_64-linux-gnu/:/usr/lib/../lib/:/usr/lib/gcc/x86_64-linux-gnu/7/../../../:/lib/:/usr/lib/
COLLECT_GCC_OPTIONS='-v' '-rdynamic' '-o' 'cmTC_b1f3e' '-mtune=generic' '-march=x86-64'
 /usr/lib/gcc/x86_64-linux-gnu/7/collect2 -plugin /usr/lib/gcc/x86_64-linux-gnu/7/liblto_plugin.so -plugin-opt=/usr/lib/gcc/x86_64-linux-gnu/7/lto-wrapper -plugin-opt=-fresolution=/tmp/ccaxIkjT.res -plugin-opt=-pass-through=-lgcc -plugin-opt=-pass-through=-lgcc_s -plugin-opt=-pass-through=-lc -plugin-opt=-pass-through=-lgcc -plugin-opt=-pass-through=-lgcc_s --sysroot=/ --build-id --eh-frame-hdr -m elf_x86_64 --hash-style=gnu --as-needed -export-dynamic -dynamic-linker /lib64/ld-linux-x86-64.so.2 -pie -z now -z relro -o cmTC_b1f3e /usr/lib/gcc/x86_64-linux-gnu/7/../../../x86_64-linux-gnu/Scrt1.o /usr/lib/gcc/x86_64-linux-gnu/7/../../../x86_64-linux-gnu/crti.o /usr/lib/gcc/x86_64-linux-gnu/7/crtbeginS.o -L/usr/lib/gcc/x86_64-linux-gnu/7 -L/usr/lib/gcc/x86_64-linux-gnu/7/../../../x86_64-linux-gnu -L/usr/lib/gcc/x86_64-linux-gnu/7/../../../../lib -L/lib/x86_64-linux-gnu -L/lib/../lib -L/usr/lib/x86_64-linux-gnu -L/usr/lib/../lib -L/usr/lib/gcc/x86_64-linux-gnu/7/../../.. CMakeFiles/cmTC_b1f3e.dir/CMakeCCompilerABI.c.o -lgcc --push-state --as-needed -lgcc_s --pop-state -lc -lgcc --push-state --as-needed -lgcc_s --pop-state /usr/lib/gcc/x86_64-linux-gnu/7/crtendS.o /usr/lib/gcc/x86_64-linux-gnu/7/../../../x86_64-linux-gnu/crtn.o
COLLECT_GCC_OPTIONS='-v' '-rdynamic' '-o' 'cmTC_b1f3e' '-mtune=generic' '-march=x86-64'
make[1]: Leaving directory '/root/liteclient-build/CMakeFiles/CMakeTmp'


Parsed C implicit link information from above output:
  link line regex: [^( *|.*[/\])(ld|CMAKE_LINK_STARTFILE-NOTFOUND|([^/\]+-)?ld|collect2)[^/\]*( |$)]
  ignore line: [Change Dir: /root/liteclient-build/CMakeFiles/CMakeTmp]
  ignore line: []
  ignore line: [Run Build Command:"/usr/bin/make" "cmTC_b1f3e/fast"]
  ignore line: [/usr/bin/make -f CMakeFiles/cmTC_b1f3e.dir/build.make CMakeFiles/cmTC_b1f3e.dir/build]
  ignore line: [make[1]: Entering directory '/root/liteclient-build/CMakeFiles/CMakeTmp']
  ignore line: [Building C object CMakeFiles/cmTC_b1f3e.dir/CMakeCCompilerABI.c.o]
  ignore line: [/usr/bin/cc    -o CMakeFiles/cmTC_b1f3e.dir/CMakeCCompilerABI.c.o   -c /usr/share/cmake-3.10/Modules/CMakeCCompilerABI.c]
  ignore line: [Linking C executable cmTC_b1f3e]
  ignore line: [/usr/bin/cmake -E cmake_link_script CMakeFiles/cmTC_b1f3e.dir/link.txt --verbose=1]
  ignore line: [/usr/bin/cc     -v -rdynamic CMakeFiles/cmTC_b1f3e.dir/CMakeCCompilerABI.c.o  -o cmTC_b1f3e ]
  ignore line: [Using built-in specs.]
  ignore line: [COLLECT_GCC=/usr/bin/cc]
  ignore line: [COLLECT_LTO_WRAPPER=/usr/lib/gcc/x86_64-linux-gnu/7/lto-wrapper]
  ignore line: [OFFLOAD_TARGET_NAMES=nvptx-none]
  ignore line: [OFFLOAD_TARGET_DEFAULT=1]
  ignore line: [Target: x86_64-linux-gnu]
  ignore line: [Configured with: ../src/configure -v --with-pkgversion='Ubuntu 7.4.0-1ubuntu1~18.04.1' --with-bugurl=file:///usr/share/doc/gcc-7/README.Bugs --enable-languages=c,ada,c++,go,brig,d,fortran,objc,obj-c++ --prefix=/usr --with-gcc-major-version-only --program-suffix=-7 --program-prefix=x86_64-linux-gnu- --enable-shared --enable-linker-build-id --libexecdir=/usr/lib --without-included-gettext --enable-threads=posix --libdir=/usr/lib --enable-nls --with-sysroot=/ --enable-clocale=gnu --enable-libstdcxx-debug --enable-libstdcxx-time=yes --with-default-libstdcxx-abi=new --enable-gnu-unique-object --disable-vtable-verify --enable-libmpx --enable-plugin --enable-default-pie --with-system-zlib --with-target-system-zlib --enable-objc-gc=auto --enable-multiarch --disable-werror --with-arch-32=i686 --with-abi=m64 --with-multilib-list=m32,m64,mx32 --enable-multilib --with-tune=generic --enable-offload-targets=nvptx-none --without-cuda-driver --enable-checking=release --build=x86_64-linux-gnu --host=x86_64-linux-gnu --target=x86_64-linux-gnu]
  ignore line: [Thread model: posix]
  ignore line: [gcc version 7.4.0 (Ubuntu 7.4.0-1ubuntu1~18.04.1) ]
  ignore line: [COMPILER_PATH=/usr/lib/gcc/x86_64-linux-gnu/7/:/usr/lib/gcc/x86_64-linux-gnu/7/:/usr/lib/gcc/x86_64-linux-gnu/:/usr/lib/gcc/x86_64-linux-gnu/7/:/usr/lib/gcc/x86_64-linux-gnu/]
  ignore line: [LIBRARY_PATH=/usr/lib/gcc/x86_64-linux-gnu/7/:/usr/lib/gcc/x86_64-linux-gnu/7/../../../x86_64-linux-gnu/:/usr/lib/gcc/x86_64-linux-gnu/7/../../../../lib/:/lib/x86_64-linux-gnu/:/lib/../lib/:/usr/lib/x86_64-linux-gnu/:/usr/lib/../lib/:/usr/lib/gcc/x86_64-linux-gnu/7/../../../:/lib/:/usr/lib/]
  ignore line: [COLLECT_GCC_OPTIONS='-v' '-rdynamic' '-o' 'cmTC_b1f3e' '-mtune=generic' '-march=x86-64']
  link line: [ /usr/lib/gcc/x86_64-linux-gnu/7/collect2 -plugin /usr/lib/gcc/x86_64-linux-gnu/7/liblto_plugin.so -plugin-opt=/usr/lib/gcc/x86_64-linux-gnu/7/lto-wrapper -plugin-opt=-fresolution=/tmp/ccaxIkjT.res -plugin-opt=-pass-through=-lgcc -plugin-opt=-pass-through=-lgcc_s -plugin-opt=-pass-through=-lc -plugin-opt=-pass-through=-lgcc -plugin-opt=-pass-through=-lgcc_s --sysroot=/ --build-id --eh-frame-hdr -m elf_x86_64 --hash-style=gnu --as-needed -export-dynamic -dynamic-linker /lib64/ld-linux-x86-64.so.2 -pie -z now -z relro -o cmTC_b1f3e /usr/lib/gcc/x86_64-linux-gnu/7/../../../x86_64-linux-gnu/Scrt1.o /usr/lib/gcc/x86_64-linux-gnu/7/../../../x86_64-linux-gnu/crti.o /usr/lib/gcc/x86_64-linux-gnu/7/crtbeginS.o -L/usr/lib/gcc/x86_64-linux-gnu/7 -L/usr/lib/gcc/x86_64-linux-gnu/7/../../../x86_64-linux-gnu -L/usr/lib/gcc/x86_64-linux-gnu/7/../../../../lib -L/lib/x86_64-linux-gnu -L/lib/../lib -L/usr/lib/x86_64-linux-gnu -L/usr/lib/../lib -L/usr/lib/gcc/x86_64-linux-gnu/7/../../.. CMakeFiles/cmTC_b1f3e.dir/CMakeCCompilerABI.c.o -lgcc --push-state --as-needed -lgcc_s --pop-state -lc -lgcc --push-state --as-needed -lgcc_s --pop-state /usr/lib/gcc/x86_64-linux-gnu/7/crtendS.o /usr/lib/gcc/x86_64-linux-gnu/7/../../../x86_64-linux-gnu/crtn.o]
    arg [/usr/lib/gcc/x86_64-linux-gnu/7/collect2] ==> ignore
    arg [-plugin] ==> ignore
    arg [/usr/lib/gcc/x86_64-linux-gnu/7/liblto_plugin.so] ==> ignore
    arg [-plugin-opt=/usr/lib/gcc/x86_64-linux-gnu/7/lto-wrapper] ==> ignore
    arg [-plugin-opt=-fresolution=/tmp/ccaxIkjT.res] ==> ignore
    arg [-plugin-opt=-pass-through=-lgcc] ==> ignore
    arg [-plugin-opt=-pass-through=-lgcc_s] ==> ignore
    arg [-plugin-opt=-pass-through=-lc] ==> ignore
    arg [-plugin-opt=-pass-through=-lgcc] ==> ignore
    arg [-plugin-opt=-pass-through=-lgcc_s] ==> ignore
    arg [--sysroot=/] ==> ignore
    arg [--build-id] ==> ignore
    arg [--eh-frame-hdr] ==> ignore
    arg [-m] ==> ignore
    arg [elf_x86_64] ==> ignore
    arg [--hash-style=gnu] ==> ignore
    arg [--as-needed] ==> ignore
    arg [-export-dynamic] ==> ignore
    arg [-dynamic-linker] ==> ignore
    arg [/lib64/ld-linux-x86-64.so.2] ==> ignore
    arg [-pie] ==> ignore
    arg [-znow] ==> ignore
    arg [-zrelro] ==> ignore
    arg [-o] ==> ignore
    arg [cmTC_b1f3e] ==> ignore
    arg [/usr/lib/gcc/x86_64-linux-gnu/7/../../../x86_64-linux-gnu/Scrt1.o] ==> ignore
    arg [/usr/lib/gcc/x86_64-linux-gnu/7/../../../x86_64-linux-gnu/crti.o] ==> ignore
    arg [/usr/lib/gcc/x86_64-linux-gnu/7/crtbeginS.o] ==> ignore
    arg [-L/usr/lib/gcc/x86_64-linux-gnu/7] ==> dir [/usr/lib/gcc/x86_64-linux-gnu/7]
    arg [-L/usr/lib/gcc/x86_64-linux-gnu/7/../../../x86_64-linux-gnu] ==> dir [/usr/lib/gcc/x86_64-linux-gnu/7/../../../x86_64-linux-gnu]
    arg [-L/usr/lib/gcc/x86_64-linux-gnu/7/../../../../lib] ==> dir [/usr/lib/gcc/x86_64-linux-gnu/7/../../../../lib]
    arg [-L/lib/x86_64-linux-gnu] ==> dir [/lib/x86_64-linux-gnu]
    arg [-L/lib/../lib] ==> dir [/lib/../lib]
    arg [-L/usr/lib/x86_64-linux-gnu] ==> dir [/usr/lib/x86_64-linux-gnu]
    arg [-L/usr/lib/../lib] ==> dir [/usr/lib/../lib]
    arg [-L/usr/lib/gcc/x86_64-linux-gnu/7/../../..] ==> dir [/usr/lib/gcc/x86_64-linux-gnu/7/../../..]
    arg [CMakeFiles/cmTC_b1f3e.dir/CMakeCCompilerABI.c.o] ==> ignore
    arg [-lgcc] ==> lib [gcc]
    arg [--push-state] ==> ignore
    arg [--as-needed] ==> ignore
    arg [-lgcc_s] ==> lib [gcc_s]
    arg [--pop-state] ==> ignore
    arg [-lc] ==> lib [c]
    arg [-lgcc] ==> lib [gcc]
    arg [--push-state] ==> ignore
    arg [--as-needed] ==> ignore
    arg [-lgcc_s] ==> lib [gcc_s]
    arg [--pop-state] ==> ignore
    arg [/usr/lib/gcc/x86_64-linux-gnu/7/crtendS.o] ==> ignore
    arg [/usr/lib/gcc/x86_64-linux-gnu/7/../../../x86_64-linux-gnu/crtn.o] ==> ignore
  collapse library dir [/usr/lib/gcc/x86_64-linux-gnu/7] ==> [/usr/lib/gcc/x86_64-linux-gnu/7]
  collapse library dir [/usr/lib/gcc/x86_64-linux-gnu/7/../../../x86_64-linux-gnu] ==> [/usr/lib/x86_64-linux-gnu]
  collapse library dir [/usr/lib/gcc/x86_64-linux-gnu/7/../../../../lib] ==> [/usr/lib]
  collapse library dir [/lib/x86_64-linux-gnu] ==> [/lib/x86_64-linux-gnu]
  collapse library dir [/lib/../lib] ==> [/lib]
  collapse library dir [/usr/lib/x86_64-linux-gnu] ==> [/usr/lib/x86_64-linux-gnu]
  collapse library dir [/usr/lib/../lib] ==> [/usr/lib]
  collapse library dir [/usr/lib/gcc/x86_64-linux-gnu/7/../../..] ==> [/usr/lib]
  implicit libs: [gcc;gcc_s;c;gcc;gcc_s]
  implicit dirs: [/usr/lib/gcc/x86_64-linux-gnu/7;/usr/lib/x86_64-linux-gnu;/usr/lib;/lib/x86_64-linux-gnu;/lib]
  implicit fwks: []




Detecting C [-std=c11] compiler features compiled with the following output:
Change Dir: /root/liteclient-build/CMakeFiles/CMakeTmp

Run Build Command:"/usr/bin/make" "cmTC_bfbb2/fast"
/usr/bin/make -f CMakeFiles/cmTC_bfbb2.dir/build.make CMakeFiles/cmTC_bfbb2.dir/build
make[1]: Entering directory '/root/liteclient-build/CMakeFiles/CMakeTmp'
Building C object CMakeFiles/cmTC_bfbb2.dir/feature_tests.c.o
/usr/bin/cc   -std=c11 -o CMakeFiles/cmTC_bfbb2.dir/feature_tests.c.o   -c /root/liteclient-build/CMakeFiles/feature_tests.c
Linking C executable cmTC_bfbb2
/usr/bin/cmake -E cmake_link_script CMakeFiles/cmTC_bfbb2.dir/link.txt --verbose=1
/usr/bin/cc      -rdynamic CMakeFiles/cmTC_bfbb2.dir/feature_tests.c.o  -o cmTC_bfbb2 
make[1]: Leaving directory '/root/liteclient-build/CMakeFiles/CMakeTmp'


    Feature record: C_FEATURE:1c_function_prototypes
    Feature record: C_FEATURE:1c_restrict
    Feature record: C_FEATURE:1c_static_assert
    Feature record: C_FEATURE:1c_variadic_macros


Detecting C [-std=c99] compiler features compiled with the following output:
Change Dir: /root/liteclient-build/CMakeFiles/CMakeTmp

Run Build Command:"/usr/bin/make" "cmTC_434c9/fast"
/usr/bin/make -f CMakeFiles/cmTC_434c9.dir/build.make CMakeFiles/cmTC_434c9.dir/build
make[1]: Entering directory '/root/liteclient-build/CMakeFiles/CMakeTmp'
Building C object CMakeFiles/cmTC_434c9.dir/feature_tests.c.o
/usr/bin/cc   -std=c99 -o CMakeFiles/cmTC_434c9.dir/feature_tests.c.o   -c /root/liteclient-build/CMakeFiles/feature_tests.c
Linking C executable cmTC_434c9
/usr/bin/cmake -E cmake_link_script CMakeFiles/cmTC_434c9.dir/link.txt --verbose=1
/usr/bin/cc      -rdynamic CMakeFiles/cmTC_434c9.dir/feature_tests.c.o  -o cmTC_434c9 
make[1]: Leaving directory '/root/liteclient-build/CMakeFiles/CMakeTmp'


    Feature record: C_FEATURE:1c_function_prototypes
    Feature record: C_FEATURE:1c_restrict
    Feature record: C_FEATURE:0c_static_assert
    Feature record: C_FEATURE:1c_variadic_macros


Detecting C [-std=c90] compiler features compiled with the following output:
Change Dir: /root/liteclient-build/CMakeFiles/CMakeTmp

Run Build Command:"/usr/bin/make" "cmTC_8c0e7/fast"
/usr/bin/make -f CMakeFiles/cmTC_8c0e7.dir/build.make CMakeFiles/cmTC_8c0e7.dir/build
make[1]: Entering directory '/root/liteclient-build/CMakeFiles/CMakeTmp'
Building C object CMakeFiles/cmTC_8c0e7.dir/feature_tests.c.o
/usr/bin/cc   -std=c90 -o CMakeFiles/cmTC_8c0e7.dir/feature_tests.c.o   -c /root/liteclient-build/CMakeFiles/feature_tests.c
Linking C executable cmTC_8c0e7
/usr/bin/cmake -E cmake_link_script CMakeFiles/cmTC_8c0e7.dir/link.txt --verbose=1
/usr/bin/cc      -rdynamic CMakeFiles/cmTC_8c0e7.dir/feature_tests.c.o  -o cmTC_8c0e7 
make[1]: Leaving directory '/root/liteclient-build/CMakeFiles/CMakeTmp'


    Feature record: C_FEATURE:1c_function_prototypes
    Feature record: C_FEATURE:0c_restrict
    Feature record: C_FEATURE:0c_static_assert
    Feature record: C_FEATURE:0c_variadic_macros
Determining if the CXX compiler works passed with the following output:
Change Dir: /root/liteclient-build/CMakeFiles/CMakeTmp

Run Build Command:"/usr/bin/make" "cmTC_02fe1/fast"
/usr/bin/make -f CMakeFiles/cmTC_02fe1.dir/build.make CMakeFiles/cmTC_02fe1.dir/build
make[1]: Entering directory '/root/liteclient-build/CMakeFiles/CMakeTmp'
Building CXX object CMakeFiles/cmTC_02fe1.dir/testCXXCompiler.cxx.o
/usr/bin/c++     -o CMakeFiles/cmTC_02fe1.dir/testCXXCompiler.cxx.o -c /root/liteclient-build/CMakeFiles/CMakeTmp/testCXXCompiler.cxx
Linking CXX executable cmTC_02fe1
/usr/bin/cmake -E cmake_link_script CMakeFiles/cmTC_02fe1.dir/link.txt --verbose=1
/usr/bin/c++       -rdynamic CMakeFiles/cmTC_02fe1.dir/testCXXCompiler.cxx.o  -o cmTC_02fe1 
make[1]: Leaving directory '/root/liteclient-build/CMakeFiles/CMakeTmp'


Detecting CXX compiler ABI info compiled with the following output:
Change Dir: /root/liteclient-build/CMakeFiles/CMakeTmp

Run Build Command:"/usr/bin/make" "cmTC_2fc78/fast"
/usr/bin/make -f CMakeFiles/cmTC_2fc78.dir/build.make CMakeFiles/cmTC_2fc78.dir/build
make[1]: Entering directory '/root/liteclient-build/CMakeFiles/CMakeTmp'
Building CXX object CMakeFiles/cmTC_2fc78.dir/CMakeCXXCompilerABI.cpp.o
/usr/bin/c++     -o CMakeFiles/cmTC_2fc78.dir/CMakeCXXCompilerABI.cpp.o -c /usr/share/cmake-3.10/Modules/CMakeCXXCompilerABI.cpp
Linking CXX executable cmTC_2fc78
/usr/bin/cmake -E cmake_link_script CMakeFiles/cmTC_2fc78.dir/link.txt --verbose=1
/usr/bin/c++      -v -rdynamic CMakeFiles/cmTC_2fc78.dir/CMakeCXXCompilerABI.cpp.o  -o cmTC_2fc78 
Using built-in specs.
COLLECT_GCC=/usr/bin/c++
COLLECT_LTO_WRAPPER=/usr/lib/gcc/x86_64-linux-gnu/7/lto-wrapper
OFFLOAD_TARGET_NAMES=nvptx-none
OFFLOAD_TARGET_DEFAULT=1
Target: x86_64-linux-gnu
Configured with: ../src/configure -v --with-pkgversion='Ubuntu 7.4.0-1ubuntu1~18.04.1' --with-bugurl=file:///usr/share/doc/gcc-7/README.Bugs --enable-languages=c,ada,c++,go,brig,d,fortran,objc,obj-c++ --prefix=/usr --with-gcc-major-version-only --program-suffix=-7 --program-prefix=x86_64-linux-gnu- --enable-shared --enable-linker-build-id --libexecdir=/usr/lib --without-included-gettext --enable-threads=posix --libdir=/usr/lib --enable-nls --with-sysroot=/ --enable-clocale=gnu --enable-libstdcxx-debug --enable-libstdcxx-time=yes --with-default-libstdcxx-abi=new --enable-gnu-unique-object --disable-vtable-verify --enable-libmpx --enable-plugin --enable-default-pie --with-system-zlib --with-target-system-zlib --enable-objc-gc=auto --enable-multiarch --disable-werror --with-arch-32=i686 --with-abi=m64 --with-multilib-list=m32,m64,mx32 --enable-multilib --with-tune=generic --enable-offload-targets=nvptx-none --without-cuda-driver --enable-checking=release --build=x86_64-linux-gnu --host=x86_64-linux-gnu --target=x86_64-linux-gnu
Thread model: posix
gcc version 7.4.0 (Ubuntu 7.4.0-1ubuntu1~18.04.1) 
COMPILER_PATH=/usr/lib/gcc/x86_64-linux-gnu/7/:/usr/lib/gcc/x86_64-linux-gnu/7/:/usr/lib/gcc/x86_64-linux-gnu/:/usr/lib/gcc/x86_64-linux-gnu/7/:/usr/lib/gcc/x86_64-linux-gnu/
LIBRARY_PATH=/usr/lib/gcc/x86_64-linux-gnu/7/:/usr/lib/gcc/x86_64-linux-gnu/7/../../../x86_64-linux-gnu/:/usr/lib/gcc/x86_64-linux-gnu/7/../../../../lib/:/lib/x86_64-linux-gnu/:/lib/../lib/:/usr/lib/x86_64-linux-gnu/:/usr/lib/../lib/:/usr/lib/gcc/x86_64-linux-gnu/7/../../../:/lib/:/usr/lib/
COLLECT_GCC_OPTIONS='-v' '-rdynamic' '-o' 'cmTC_2fc78' '-shared-libgcc' '-mtune=generic' '-march=x86-64'
 /usr/lib/gcc/x86_64-linux-gnu/7/collect2 -plugin /usr/lib/gcc/x86_64-linux-gnu/7/liblto_plugin.so -plugin-opt=/usr/lib/gcc/x86_64-linux-gnu/7/lto-wrapper -plugin-opt=-fresolution=/tmp/ccgxwdsx.res -plugin-opt=-pass-through=-lgcc_s -plugin-opt=-pass-through=-lgcc -plugin-opt=-pass-through=-lc -plugin-opt=-pass-through=-lgcc_s -plugin-opt=-pass-through=-lgcc --sysroot=/ --build-id --eh-frame-hdr -m elf_x86_64 --hash-style=gnu --as-needed -export-dynamic -dynamic-linker /lib64/ld-linux-x86-64.so.2 -pie -z now -z relro -o cmTC_2fc78 /usr/lib/gcc/x86_64-linux-gnu/7/../../../x86_64-linux-gnu/Scrt1.o /usr/lib/gcc/x86_64-linux-gnu/7/../../../x86_64-linux-gnu/crti.o /usr/lib/gcc/x86_64-linux-gnu/7/crtbeginS.o -L/usr/lib/gcc/x86_64-linux-gnu/7 -L/usr/lib/gcc/x86_64-linux-gnu/7/../../../x86_64-linux-gnu -L/usr/lib/gcc/x86_64-linux-gnu/7/../../../../lib -L/lib/x86_64-linux-gnu -L/lib/../lib -L/usr/lib/x86_64-linux-gnu -L/usr/lib/../lib -L/usr/lib/gcc/x86_64-linux-gnu/7/../../.. CMakeFiles/cmTC_2fc78.dir/CMakeCXXCompilerABI.cpp.o -lstdc++ -lm -lgcc_s -lgcc -lc -lgcc_s -lgcc /usr/lib/gcc/x86_64-linux-gnu/7/crtendS.o /usr/lib/gcc/x86_64-linux-gnu/7/../../../x86_64-linux-gnu/crtn.o
COLLECT_GCC_OPTIONS='-v' '-rdynamic' '-o' 'cmTC_2fc78' '-shared-libgcc' '-mtune=generic' '-march=x86-64'
make[1]: Leaving directory '/root/liteclient-build/CMakeFiles/CMakeTmp'


Parsed CXX implicit link information from above output:
  link line regex: [^( *|.*[/\])(ld|CMAKE_LINK_STARTFILE-NOTFOUND|([^/\]+-)?ld|collect2)[^/\]*( |$)]
  ignore line: [Change Dir: /root/liteclient-build/CMakeFiles/CMakeTmp]
  ignore line: []
  ignore line: [Run Build Command:"/usr/bin/make" "cmTC_2fc78/fast"]
  ignore line: [/usr/bin/make -f CMakeFiles/cmTC_2fc78.dir/build.make CMakeFiles/cmTC_2fc78.dir/build]
  ignore line: [make[1]: Entering directory '/root/liteclient-build/CMakeFiles/CMakeTmp']
  ignore line: [Building CXX object CMakeFiles/cmTC_2fc78.dir/CMakeCXXCompilerABI.cpp.o]
  ignore line: [/usr/bin/c++     -o CMakeFiles/cmTC_2fc78.dir/CMakeCXXCompilerABI.cpp.o -c /usr/share/cmake-3.10/Modules/CMakeCXXCompilerABI.cpp]
  ignore line: [Linking CXX executable cmTC_2fc78]
  ignore line: [/usr/bin/cmake -E cmake_link_script CMakeFiles/cmTC_2fc78.dir/link.txt --verbose=1]
  ignore line: [/usr/bin/c++      -v -rdynamic CMakeFiles/cmTC_2fc78.dir/CMakeCXXCompilerABI.cpp.o  -o cmTC_2fc78 ]
  ignore line: [Using built-in specs.]
  ignore line: [COLLECT_GCC=/usr/bin/c++]
  ignore line: [COLLECT_LTO_WRAPPER=/usr/lib/gcc/x86_64-linux-gnu/7/lto-wrapper]
  ignore line: [OFFLOAD_TARGET_NAMES=nvptx-none]
  ignore line: [OFFLOAD_TARGET_DEFAULT=1]
  ignore line: [Target: x86_64-linux-gnu]
  ignore line: [Configured with: ../src/configure -v --with-pkgversion='Ubuntu 7.4.0-1ubuntu1~18.04.1' --with-bugurl=file:///usr/share/doc/gcc-7/README.Bugs --enable-languages=c,ada,c++,go,brig,d,fortran,objc,obj-c++ --prefix=/usr --with-gcc-major-version-only --program-suffix=-7 --program-prefix=x86_64-linux-gnu- --enable-shared --enable-linker-build-id --libexecdir=/usr/lib --without-included-gettext --enable-threads=posix --libdir=/usr/lib --enable-nls --with-sysroot=/ --enable-clocale=gnu --enable-libstdcxx-debug --enable-libstdcxx-time=yes --with-default-libstdcxx-abi=new --enable-gnu-unique-object --disable-vtable-verify --enable-libmpx --enable-plugin --enable-default-pie --with-system-zlib --with-target-system-zlib --enable-objc-gc=auto --enable-multiarch --disable-werror --with-arch-32=i686 --with-abi=m64 --with-multilib-list=m32,m64,mx32 --enable-multilib --with-tune=generic --enable-offload-targets=nvptx-none --without-cuda-driver --enable-checking=release --build=x86_64-linux-gnu --host=x86_64-linux-gnu --target=x86_64-linux-gnu]
  ignore line: [Thread model: posix]
  ignore line: [gcc version 7.4.0 (Ubuntu 7.4.0-1ubuntu1~18.04.1) ]
  ignore line: [COMPILER_PATH=/usr/lib/gcc/x86_64-linux-gnu/7/:/usr/lib/gcc/x86_64-linux-gnu/7/:/usr/lib/gcc/x86_64-linux-gnu/:/usr/lib/gcc/x86_64-linux-gnu/7/:/usr/lib/gcc/x86_64-linux-gnu/]
  ignore line: [LIBRARY_PATH=/usr/lib/gcc/x86_64-linux-gnu/7/:/usr/lib/gcc/x86_64-linux-gnu/7/../../../x86_64-linux-gnu/:/usr/lib/gcc/x86_64-linux-gnu/7/../../../../lib/:/lib/x86_64-linux-gnu/:/lib/../lib/:/usr/lib/x86_64-linux-gnu/:/usr/lib/../lib/:/usr/lib/gcc/x86_64-linux-gnu/7/../../../:/lib/:/usr/lib/]
  ignore line: [COLLECT_GCC_OPTIONS='-v' '-rdynamic' '-o' 'cmTC_2fc78' '-shared-libgcc' '-mtune=generic' '-march=x86-64']
  link line: [ /usr/lib/gcc/x86_64-linux-gnu/7/collect2 -plugin /usr/lib/gcc/x86_64-linux-gnu/7/liblto_plugin.so -plugin-opt=/usr/lib/gcc/x86_64-linux-gnu/7/lto-wrapper -plugin-opt=-fresolution=/tmp/ccgxwdsx.res -plugin-opt=-pass-through=-lgcc_s -plugin-opt=-pass-through=-lgcc -plugin-opt=-pass-through=-lc -plugin-opt=-pass-through=-lgcc_s -plugin-opt=-pass-through=-lgcc --sysroot=/ --build-id --eh-frame-hdr -m elf_x86_64 --hash-style=gnu --as-needed -export-dynamic -dynamic-linker /lib64/ld-linux-x86-64.so.2 -pie -z now -z relro -o cmTC_2fc78 /usr/lib/gcc/x86_64-linux-gnu/7/../../../x86_64-linux-gnu/Scrt1.o /usr/lib/gcc/x86_64-linux-gnu/7/../../../x86_64-linux-gnu/crti.o /usr/lib/gcc/x86_64-linux-gnu/7/crtbeginS.o -L/usr/lib/gcc/x86_64-linux-gnu/7 -L/usr/lib/gcc/x86_64-linux-gnu/7/../../../x86_64-linux-gnu -L/usr/lib/gcc/x86_64-linux-gnu/7/../../../../lib -L/lib/x86_64-linux-gnu -L/lib/../lib -L/usr/lib/x86_64-linux-gnu -L/usr/lib/../lib -L/usr/lib/gcc/x86_64-linux-gnu/7/../../.. CMakeFiles/cmTC_2fc78.dir/CMakeCXXCompilerABI.cpp.o -lstdc++ -lm -lgcc_s -lgcc -lc -lgcc_s -lgcc /usr/lib/gcc/x86_64-linux-gnu/7/crtendS.o /usr/lib/gcc/x86_64-linux-gnu/7/../../../x86_64-linux-gnu/crtn.o]
    arg [/usr/lib/gcc/x86_64-linux-gnu/7/collect2] ==> ignore
    arg [-plugin] ==> ignore
    arg [/usr/lib/gcc/x86_64-linux-gnu/7/liblto_plugin.so] ==> ignore
    arg [-plugin-opt=/usr/lib/gcc/x86_64-linux-gnu/7/lto-wrapper] ==> ignore
    arg [-plugin-opt=-fresolution=/tmp/ccgxwdsx.res] ==> ignore
    arg [-plugin-opt=-pass-through=-lgcc_s] ==> ignore
    arg [-plugin-opt=-pass-through=-lgcc] ==> ignore
    arg [-plugin-opt=-pass-through=-lc] ==> ignore
    arg [-plugin-opt=-pass-through=-lgcc_s] ==> ignore
    arg [-plugin-opt=-pass-through=-lgcc] ==> ignore
    arg [--sysroot=/] ==> ignore
    arg [--build-id] ==> ignore
    arg [--eh-frame-hdr] ==> ignore
    arg [-m] ==> ignore
    arg [elf_x86_64] ==> ignore
    arg [--hash-style=gnu] ==> ignore
    arg [--as-needed] ==> ignore
    arg [-export-dynamic] ==> ignore
    arg [-dynamic-linker] ==> ignore
    arg [/lib64/ld-linux-x86-64.so.2] ==> ignore
    arg [-pie] ==> ignore
    arg [-znow] ==> ignore
    arg [-zrelro] ==> ignore
    arg [-o] ==> ignore
    arg [cmTC_2fc78] ==> ignore
    arg [/usr/lib/gcc/x86_64-linux-gnu/7/../../../x86_64-linux-gnu/Scrt1.o] ==> ignore
    arg [/usr/lib/gcc/x86_64-linux-gnu/7/../../../x86_64-linux-gnu/crti.o] ==> ignore
    arg [/usr/lib/gcc/x86_64-linux-gnu/7/crtbeginS.o] ==> ignore
    arg [-L/usr/lib/gcc/x86_64-linux-gnu/7] ==> dir [/usr/lib/gcc/x86_64-linux-gnu/7]
    arg [-L/usr/lib/gcc/x86_64-linux-gnu/7/../../../x86_64-linux-gnu] ==> dir [/usr/lib/gcc/x86_64-linux-gnu/7/../../../x86_64-linux-gnu]
    arg [-L/usr/lib/gcc/x86_64-linux-gnu/7/../../../../lib] ==> dir [/usr/lib/gcc/x86_64-linux-gnu/7/../../../../lib]
    arg [-L/lib/x86_64-linux-gnu] ==> dir [/lib/x86_64-linux-gnu]
    arg [-L/lib/../lib] ==> dir [/lib/../lib]
    arg [-L/usr/lib/x86_64-linux-gnu] ==> dir [/usr/lib/x86_64-linux-gnu]
    arg [-L/usr/lib/../lib] ==> dir [/usr/lib/../lib]
    arg [-L/usr/lib/gcc/x86_64-linux-gnu/7/../../..] ==> dir [/usr/lib/gcc/x86_64-linux-gnu/7/../../..]
    arg [CMakeFiles/cmTC_2fc78.dir/CMakeCXXCompilerABI.cpp.o] ==> ignore
    arg [-lstdc++] ==> lib [stdc++]
    arg [-lm] ==> lib [m]
    arg [-lgcc_s] ==> lib [gcc_s]
    arg [-lgcc] ==> lib [gcc]
    arg [-lc] ==> lib [c]
    arg [-lgcc_s] ==> lib [gcc_s]
    arg [-lgcc] ==> lib [gcc]
    arg [/usr/lib/gcc/x86_64-linux-gnu/7/crtendS.o] ==> ignore
    arg [/usr/lib/gcc/x86_64-linux-gnu/7/../../../x86_64-linux-gnu/crtn.o] ==> ignore
  collapse library dir [/usr/lib/gcc/x86_64-linux-gnu/7] ==> [/usr/lib/gcc/x86_64-linux-gnu/7]
  collapse library dir [/usr/lib/gcc/x86_64-linux-gnu/7/../../../x86_64-linux-gnu] ==> [/usr/lib/x86_64-linux-gnu]
  collapse library dir [/usr/lib/gcc/x86_64-linux-gnu/7/../../../../lib] ==> [/usr/lib]
  collapse library dir [/lib/x86_64-linux-gnu] ==> [/lib/x86_64-linux-gnu]
  collapse library dir [/lib/../lib] ==> [/lib]
  collapse library dir [/usr/lib/x86_64-linux-gnu] ==> [/usr/lib/x86_64-linux-gnu]
  collapse library dir [/usr/lib/../lib] ==> [/usr/lib]
  collapse library dir [/usr/lib/gcc/x86_64-linux-gnu/7/../../..] ==> [/usr/lib]
  implicit libs: [stdc++;m;gcc_s;gcc;c;gcc_s;gcc]
  implicit dirs: [/usr/lib/gcc/x86_64-linux-gnu/7;/usr/lib/x86_64-linux-gnu;/usr/lib;/lib/x86_64-linux-gnu;/lib]
  implicit fwks: []




Detecting CXX [-std=c++1z] compiler features compiled with the following output:
Change Dir: /root/liteclient-build/CMakeFiles/CMakeTmp

Run Build Command:"/usr/bin/make" "cmTC_454d5/fast"
/usr/bin/make -f CMakeFiles/cmTC_454d5.dir/build.make CMakeFiles/cmTC_454d5.dir/build
make[1]: Entering directory '/root/liteclient-build/CMakeFiles/CMakeTmp'
Building CXX object CMakeFiles/cmTC_454d5.dir/feature_tests.cxx.o
/usr/bin/c++    -std=c++1z -o CMakeFiles/cmTC_454d5.dir/feature_tests.cxx.o -c /root/liteclient-build/CMakeFiles/feature_tests.cxx
Linking CXX executable cmTC_454d5
/usr/bin/cmake -E cmake_link_script CMakeFiles/cmTC_454d5.dir/link.txt --verbose=1
/usr/bin/c++       -rdynamic CMakeFiles/cmTC_454d5.dir/feature_tests.cxx.o  -o cmTC_454d5 
make[1]: Leaving directory '/root/liteclient-build/CMakeFiles/CMakeTmp'


    Feature record: CXX_FEATURE:1cxx_aggregate_default_initializers
    Feature record: CXX_FEATURE:1cxx_alias_templates
    Feature record: CXX_FEATURE:1cxx_alignas
    Feature record: CXX_FEATURE:1cxx_alignof
    Feature record: CXX_FEATURE:1cxx_attributes
    Feature record: CXX_FEATURE:1cxx_attribute_deprecated
    Feature record: CXX_FEATURE:1cxx_auto_type
    Feature record: CXX_FEATURE:1cxx_binary_literals
    Feature record: CXX_FEATURE:1cxx_constexpr
    Feature record: CXX_FEATURE:1cxx_contextual_conversions
    Feature record: CXX_FEATURE:1cxx_decltype
    Feature record: CXX_FEATURE:1cxx_decltype_auto
    Feature record: CXX_FEATURE:1cxx_decltype_incomplete_return_types
    Feature record: CXX_FEATURE:1cxx_default_function_template_args
    Feature record: CXX_FEATURE:1cxx_defaulted_functions
    Feature record: CXX_FEATURE:1cxx_defaulted_move_initializers
    Feature record: CXX_FEATURE:1cxx_delegating_constructors
    Feature record: CXX_FEATURE:1cxx_deleted_functions
    Feature record: CXX_FEATURE:1cxx_digit_separators
    Feature record: CXX_FEATURE:1cxx_enum_forward_declarations
    Feature record: CXX_FEATURE:1cxx_explicit_conversions
    Feature record: CXX_FEATURE:1cxx_extended_friend_declarations
    Feature record: CXX_FEATURE:1cxx_extern_templates
    Feature record: CXX_FEATURE:1cxx_final
    Feature record: CXX_FEATURE:1cxx_func_identifier
    Feature record: CXX_FEATURE:1cxx_generalized_initializers
    Feature record: CXX_FEATURE:1cxx_generic_lambdas
    Feature record: CXX_FEATURE:1cxx_inheriting_constructors
    Feature record: CXX_FEATURE:1cxx_inline_namespaces
    Feature record: CXX_FEATURE:1cxx_lambdas
    Feature record: CXX_FEATURE:1cxx_lambda_init_captures
    Feature record: CXX_FEATURE:1cxx_local_type_template_args
    Feature record: CXX_FEATURE:1cxx_long_long_type
    Feature record: CXX_FEATURE:1cxx_noexcept
    Feature record: CXX_FEATURE:1cxx_nonstatic_member_init
    Feature record: CXX_FEATURE:1cxx_nullptr
    Feature record: CXX_FEATURE:1cxx_override
    Feature record: CXX_FEATURE:1cxx_range_for
    Feature record: CXX_FEATURE:1cxx_raw_string_literals
    Feature record: CXX_FEATURE:1cxx_reference_qualified_functions
    Feature record: CXX_FEATURE:1cxx_relaxed_constexpr
    Feature record: CXX_FEATURE:1cxx_return_type_deduction
    Feature record: CXX_FEATURE:1cxx_right_angle_brackets
    Feature record: CXX_FEATURE:1cxx_rvalue_references
    Feature record: CXX_FEATURE:1cxx_sizeof_member
    Feature record: CXX_FEATURE:1cxx_static_assert
    Feature record: CXX_FEATURE:1cxx_strong_enums
    Feature record: CXX_FEATURE:1cxx_template_template_parameters
    Feature record: CXX_FEATURE:1cxx_thread_local
    Feature record: CXX_FEATURE:1cxx_trailing_return_types
    Feature record: CXX_FEATURE:1cxx_unicode_literals
    Feature record: CXX_FEATURE:1cxx_uniform_initialization
    Feature record: CXX_FEATURE:1cxx_unrestricted_unions
    Feature record: CXX_FEATURE:1cxx_user_literals
    Feature record: CXX_FEATURE:1cxx_variable_templates
    Feature record: CXX_FEATURE:1cxx_variadic_macros
    Feature record: CXX_FEATURE:1cxx_variadic_templates


Detecting CXX [-std=c++14] compiler features compiled with the following output:
Change Dir: /root/liteclient-build/CMakeFiles/CMakeTmp

Run Build Command:"/usr/bin/make" "cmTC_ef194/fast"
/usr/bin/make -f CMakeFiles/cmTC_ef194.dir/build.make CMakeFiles/cmTC_ef194.dir/build
make[1]: Entering directory '/root/liteclient-build/CMakeFiles/CMakeTmp'
Building CXX object CMakeFiles/cmTC_ef194.dir/feature_tests.cxx.o
/usr/bin/c++    -std=c++14 -o CMakeFiles/cmTC_ef194.dir/feature_tests.cxx.o -c /root/liteclient-build/CMakeFiles/feature_tests.cxx
Linking CXX executable cmTC_ef194
/usr/bin/cmake -E cmake_link_script CMakeFiles/cmTC_ef194.dir/link.txt --verbose=1
/usr/bin/c++       -rdynamic CMakeFiles/cmTC_ef194.dir/feature_tests.cxx.o  -o cmTC_ef194 
make[1]: Leaving directory '/root/liteclient-build/CMakeFiles/CMakeTmp'


    Feature record: CXX_FEATURE:1cxx_aggregate_default_initializers
    Feature record: CXX_FEATURE:1cxx_alias_templates
    Feature record: CXX_FEATURE:1cxx_alignas
    Feature record: CXX_FEATURE:1cxx_alignof
    Feature record: CXX_FEATURE:1cxx_attributes
    Feature record: CXX_FEATURE:1cxx_attribute_deprecated
    Feature record: CXX_FEATURE:1cxx_auto_type
    Feature record: CXX_FEATURE:1cxx_binary_literals
    Feature record: CXX_FEATURE:1cxx_constexpr
    Feature record: CXX_FEATURE:1cxx_contextual_conversions
    Feature record: CXX_FEATURE:1cxx_decltype
    Feature record: CXX_FEATURE:1cxx_decltype_auto
    Feature record: CXX_FEATURE:1cxx_decltype_incomplete_return_types
    Feature record: CXX_FEATURE:1cxx_default_function_template_args
    Feature record: CXX_FEATURE:1cxx_defaulted_functions
    Feature record: CXX_FEATURE:1cxx_defaulted_move_initializers
    Feature record: CXX_FEATURE:1cxx_delegating_constructors
    Feature record: CXX_FEATURE:1cxx_deleted_functions
    Feature record: CXX_FEATURE:1cxx_digit_separators
    Feature record: CXX_FEATURE:1cxx_enum_forward_declarations
    Feature record: CXX_FEATURE:1cxx_explicit_conversions
    Feature record: CXX_FEATURE:1cxx_extended_friend_declarations
    Feature record: CXX_FEATURE:1cxx_extern_templates
    Feature record: CXX_FEATURE:1cxx_final
    Feature record: CXX_FEATURE:1cxx_func_identifier
    Feature record: CXX_FEATURE:1cxx_generalized_initializers
    Feature record: CXX_FEATURE:1cxx_generic_lambdas
    Feature record: CXX_FEATURE:1cxx_inheriting_constructors
    Feature record: CXX_FEATURE:1cxx_inline_namespaces
    Feature record: CXX_FEATURE:1cxx_lambdas
    Feature record: CXX_FEATURE:1cxx_lambda_init_captures
    Feature record: CXX_FEATURE:1cxx_local_type_template_args
    Feature record: CXX_FEATURE:1cxx_long_long_type
    Feature record: CXX_FEATURE:1cxx_noexcept
    Feature record: CXX_FEATURE:1cxx_nonstatic_member_init
    Feature record: CXX_FEATURE:1cxx_nullptr
    Feature record: CXX_FEATURE:1cxx_override
    Feature record: CXX_FEATURE:1cxx_range_for
    Feature record: CXX_FEATURE:1cxx_raw_string_literals
    Feature record: CXX_FEATURE:1cxx_reference_qualified_functions
    Feature record: CXX_FEATURE:1cxx_relaxed_constexpr
    Feature record: CXX_FEATURE:1cxx_return_type_deduction
    Feature record: CXX_FEATURE:1cxx_right_angle_brackets
    Feature record: CXX_FEATURE:1cxx_rvalue_references
    Feature record: CXX_FEATURE:1cxx_sizeof_member
    Feature record: CXX_FEATURE:1cxx_static_assert
    Feature record: CXX_FEATURE:1cxx_strong_enums
    Feature record: CXX_FEATURE:1cxx_template_template_parameters
    Feature record: CXX_FEATURE:1cxx_thread_local
    Feature record: CXX_FEATURE:1cxx_trailing_return_types
    Feature record: CXX_FEATURE:1cxx_unicode_literals
    Feature record: CXX_FEATURE:1cxx_uniform_initialization
    Feature record: CXX_FEATURE:1cxx_unrestricted_unions
    Feature record: CXX_FEATURE:1cxx_user_literals
    Feature record: CXX_FEATURE:1cxx_variable_templates
    Feature record: CXX_FEATURE:1cxx_variadic_macros
    Feature record: CXX_FEATURE:1cxx_variadic_templates


Detecting CXX [-std=c++11] compiler features compiled with the following output:
Change Dir: /root/liteclient-build/CMakeFiles/CMakeTmp

Run Build Command:"/usr/bin/make" "cmTC_e5165/fast"
/usr/bin/make -f CMakeFiles/cmTC_e5165.dir/build.make CMakeFiles/cmTC_e5165.dir/build
make[1]: Entering directory '/root/liteclient-build/CMakeFiles/CMakeTmp'
Building CXX object CMakeFiles/cmTC_e5165.dir/feature_tests.cxx.o
/usr/bin/c++    -std=c++11 -o CMakeFiles/cmTC_e5165.dir/feature_tests.cxx.o -c /root/liteclient-build/CMakeFiles/feature_tests.cxx
Linking CXX executable cmTC_e5165
/usr/bin/cmake -E cmake_link_script CMakeFiles/cmTC_e5165.dir/link.txt --verbose=1
/usr/bin/c++       -rdynamic CMakeFiles/cmTC_e5165.dir/feature_tests.cxx.o  -o cmTC_e5165 
make[1]: Leaving directory '/root/liteclient-build/CMakeFiles/CMakeTmp'


    Feature record: CXX_FEATURE:0cxx_aggregate_default_initializers
    Feature record: CXX_FEATURE:1cxx_alias_templates
    Feature record: CXX_FEATURE:1cxx_alignas
    Feature record: CXX_FEATURE:1cxx_alignof
    Feature record: CXX_FEATURE:1cxx_attributes
    Feature record: CXX_FEATURE:0cxx_attribute_deprecated
    Feature record: CXX_FEATURE:1cxx_auto_type
    Feature record: CXX_FEATURE:0cxx_binary_literals
    Feature record: CXX_FEATURE:1cxx_constexpr
    Feature record: CXX_FEATURE:0cxx_contextual_conversions
    Feature record: CXX_FEATURE:1cxx_decltype
    Feature record: CXX_FEATURE:0cxx_decltype_auto
    Feature record: CXX_FEATURE:1cxx_decltype_incomplete_return_types
    Feature record: CXX_FEATURE:1cxx_default_function_template_args
    Feature record: CXX_FEATURE:1cxx_defaulted_functions
    Feature record: CXX_FEATURE:1cxx_defaulted_move_initializers
    Feature record: CXX_FEATURE:1cxx_delegating_constructors
    Feature record: CXX_FEATURE:1cxx_deleted_functions
    Feature record: CXX_FEATURE:0cxx_digit_separators
    Feature record: CXX_FEATURE:1cxx_enum_forward_declarations
    Feature record: CXX_FEATURE:1cxx_explicit_conversions
    Feature record: CXX_FEATURE:1cxx_extended_friend_declarations
    Feature record: CXX_FEATURE:1cxx_extern_templates
    Feature record: CXX_FEATURE:1cxx_final
    Feature record: CXX_FEATURE:1cxx_func_identifier
    Feature record: CXX_FEATURE:1cxx_generalized_initializers
    Feature record: CXX_FEATURE:0cxx_generic_lambdas
    Feature record: CXX_FEATURE:1cxx_inheriting_constructors
    Feature record: CXX_FEATURE:1cxx_inline_namespaces
    Feature record: CXX_FEATURE:1cxx_lambdas
    Feature record: CXX_FEATURE:0cxx_lambda_init_captures
    Feature record: CXX_FEATURE:1cxx_local_type_template_args
    Feature record: CXX_FEATURE:1cxx_long_long_type
    Feature record: CXX_FEATURE:1cxx_noexcept
    Feature record: CXX_FEATURE:1cxx_nonstatic_member_init
    Feature record: CXX_FEATURE:1cxx_nullptr
    Feature record: CXX_FEATURE:1cxx_override
    Feature record: CXX_FEATURE:1cxx_range_for
    Feature record: CXX_FEATURE:1cxx_raw_string_literals
    Feature record: CXX_FEATURE:1cxx_reference_qualified_functions
    Feature record: CXX_FEATURE:0cxx_relaxed_constexpr
    Feature record: CXX_FEATURE:0cxx_return_type_deduction
    Feature record: CXX_FEATURE:1cxx_right_angle_brackets
    Feature record: CXX_FEATURE:1cxx_rvalue_references
    Feature record: CXX_FEATURE:1cxx_sizeof_member
    Feature record: CXX_FEATURE:1cxx_static_assert
    Feature record: CXX_FEATURE:1cxx_strong_enums
    Feature record: CXX_FEATURE:1cxx_template_template_parameters
    Feature record: CXX_FEATURE:1cxx_thread_local
    Feature record: CXX_FEATURE:1cxx_trailing_return_types
    Feature record: CXX_FEATURE:1cxx_unicode_literals
    Feature record: CXX_FEATURE:1cxx_uniform_initialization
    Feature record: CXX_FEATURE:1cxx_unrestricted_unions
    Feature record: CXX_FEATURE:1cxx_user_literals
    Feature record: CXX_FEATURE:0cxx_variable_templates
    Feature record: CXX_FEATURE:1cxx_variadic_macros
    Feature record: CXX_FEATURE:1cxx_variadic_templates


Detecting CXX [-std=c++98] compiler features compiled with the following output:
Change Dir: /root/liteclient-build/CMakeFiles/CMakeTmp

Run Build Command:"/usr/bin/make" "cmTC_edbbb/fast"
/usr/bin/make -f CMakeFiles/cmTC_edbbb.dir/build.make CMakeFiles/cmTC_edbbb.dir/build
make[1]: Entering directory '/root/liteclient-build/CMakeFiles/CMakeTmp'
Building CXX object CMakeFiles/cmTC_edbbb.dir/feature_tests.cxx.o
/usr/bin/c++    -std=c++98 -o CMakeFiles/cmTC_edbbb.dir/feature_tests.cxx.o -c /root/liteclient-build/CMakeFiles/feature_tests.cxx
Linking CXX executable cmTC_edbbb
/usr/bin/cmake -E cmake_link_script CMakeFiles/cmTC_edbbb.dir/link.txt --verbose=1
/usr/bin/c++       -rdynamic CMakeFiles/cmTC_edbbb.dir/feature_tests.cxx.o  -o cmTC_edbbb 
make[1]: Leaving directory '/root/liteclient-build/CMakeFiles/CMakeTmp'


    Feature record: CXX_FEATURE:0cxx_aggregate_default_initializers
    Feature record: CXX_FEATURE:0cxx_alias_templates
    Feature record: CXX_FEATURE:0cxx_alignas
    Feature record: CXX_FEATURE:0cxx_alignof
    Feature record: CXX_FEATURE:0cxx_attributes
    Feature record: CXX_FEATURE:0cxx_attribute_deprecated
    Feature record: CXX_FEATURE:0cxx_auto_type
    Feature record: CXX_FEATURE:0cxx_binary_literals
    Feature record: CXX_FEATURE:0cxx_constexpr
    Feature record: CXX_FEATURE:0cxx_contextual_conversions
    Feature record: CXX_FEATURE:0cxx_decltype
    Feature record: CXX_FEATURE:0cxx_decltype_auto
    Feature record: CXX_FEATURE:0cxx_decltype_incomplete_return_types
    Feature record: CXX_FEATURE:0cxx_default_function_template_args
    Feature record: CXX_FEATURE:0cxx_defaulted_functions
    Feature record: CXX_FEATURE:0cxx_defaulted_move_initializers
    Feature record: CXX_FEATURE:0cxx_delegating_constructors
    Feature record: CXX_FEATURE:0cxx_deleted_functions
    Feature record: CXX_FEATURE:0cxx_digit_separators
    Feature record: CXX_FEATURE:0cxx_enum_forward_declarations
    Feature record: CXX_FEATURE:0cxx_explicit_conversions
    Feature record: CXX_FEATURE:0cxx_extended_friend_declarations
    Feature record: CXX_FEATURE:0cxx_extern_templates
    Feature record: CXX_FEATURE:0cxx_final
    Feature record: CXX_FEATURE:0cxx_func_identifier
    Feature record: CXX_FEATURE:0cxx_generalized_initializers
    Feature record: CXX_FEATURE:0cxx_generic_lambdas
    Feature record: CXX_FEATURE:0cxx_inheriting_constructors
    Feature record: CXX_FEATURE:0cxx_inline_namespaces
    Feature record: CXX_FEATURE:0cxx_lambdas
    Feature record: CXX_FEATURE:0cxx_lambda_init_captures
    Feature record: CXX_FEATURE:0cxx_local_type_template_args
    Feature record: CXX_FEATURE:0cxx_long_long_type
    Feature record: CXX_FEATURE:0cxx_noexcept
    Feature record: CXX_FEATURE:0cxx_nonstatic_member_init
    Feature record: CXX_FEATURE:0cxx_nullptr
    Feature record: CXX_FEATURE:0cxx_override
    Feature record: CXX_FEATURE:0cxx_range_for
    Feature record: CXX_FEATURE:0cxx_raw_string_literals
    Feature record: CXX_FEATURE:0cxx_reference_qualified_functions
    Feature record: CXX_FEATURE:0cxx_relaxed_constexpr
    Feature record: CXX_FEATURE:0cxx_return_type_deduction
    Feature record: CXX_FEATURE:0cxx_right_angle_brackets
    Feature record: CXX_FEATURE:0cxx_rvalue_references
    Feature record: CXX_FEATURE:0cxx_sizeof_member
    Feature record: CXX_FEATURE:0cxx_static_assert
    Feature record: CXX_FEATURE:0cxx_strong_enums
    Feature record: CXX_FEATURE:1cxx_template_template_parameters
    Feature record: CXX_FEATURE:0cxx_thread_local
    Feature record: CXX_FEATURE:0cxx_trailing_return_types
    Feature record: CXX_FEATURE:0cxx_unicode_literals
    Feature record: CXX_FEATURE:0cxx_uniform_initialization
    Feature record: CXX_FEATURE:0cxx_unrestricted_unions
    Feature record: CXX_FEATURE:0cxx_user_literals
    Feature record: CXX_FEATURE:0cxx_variable_templates
    Feature record: CXX_FEATURE:0cxx_variadic_macros
    Feature record: CXX_FEATURE:0cxx_variadic_templates
Determining if the include file sys/types.h exists passed with the following output:
Change Dir: /root/liteclient-build/CMakeFiles/CMakeTmp

Run Build Command:"/usr/bin/make" "cmTC_d3c07/fast"
/usr/bin/make -f CMakeFiles/cmTC_d3c07.dir/build.make CMakeFiles/cmTC_d3c07.dir/build
make[1]: Entering directory '/root/liteclient-build/CMakeFiles/CMakeTmp'
Building C object CMakeFiles/cmTC_d3c07.dir/CheckIncludeFile.c.o
/usr/bin/cc   -fPIE   -o CMakeFiles/cmTC_d3c07.dir/CheckIncludeFile.c.o   -c /root/liteclient-build/CMakeFiles/CMakeTmp/CheckIncludeFile.c
Linking C executable cmTC_d3c07
/usr/bin/cmake -E cmake_link_script CMakeFiles/cmTC_d3c07.dir/link.txt --verbose=1
/usr/bin/cc      -rdynamic CMakeFiles/cmTC_d3c07.dir/CheckIncludeFile.c.o  -o cmTC_d3c07 
make[1]: Leaving directory '/root/liteclient-build/CMakeFiles/CMakeTmp'


Determining if the include file stdint.h exists passed with the following output:
Change Dir: /root/liteclient-build/CMakeFiles/CMakeTmp

Run Build Command:"/usr/bin/make" "cmTC_90890/fast"
/usr/bin/make -f CMakeFiles/cmTC_90890.dir/build.make CMakeFiles/cmTC_90890.dir/build
make[1]: Entering directory '/root/liteclient-build/CMakeFiles/CMakeTmp'
Building C object CMakeFiles/cmTC_90890.dir/CheckIncludeFile.c.o
/usr/bin/cc   -fPIE   -o CMakeFiles/cmTC_90890.dir/CheckIncludeFile.c.o   -c /root/liteclient-build/CMakeFiles/CMakeTmp/CheckIncludeFile.c
Linking C executable cmTC_90890
/usr/bin/cmake -E cmake_link_script CMakeFiles/cmTC_90890.dir/link.txt --verbose=1
/usr/bin/cc      -rdynamic CMakeFiles/cmTC_90890.dir/CheckIncludeFile.c.o  -o cmTC_90890 
make[1]: Leaving directory '/root/liteclient-build/CMakeFiles/CMakeTmp'


Determining if the include file stddef.h exists passed with the following output:
Change Dir: /root/liteclient-build/CMakeFiles/CMakeTmp

Run Build Command:"/usr/bin/make" "cmTC_cbace/fast"
/usr/bin/make -f CMakeFiles/cmTC_cbace.dir/build.make CMakeFiles/cmTC_cbace.dir/build
make[1]: Entering directory '/root/liteclient-build/CMakeFiles/CMakeTmp'
Building C object CMakeFiles/cmTC_cbace.dir/CheckIncludeFile.c.o
/usr/bin/cc   -fPIE   -o CMakeFiles/cmTC_cbace.dir/CheckIncludeFile.c.o   -c /root/liteclient-build/CMakeFiles/CMakeTmp/CheckIncludeFile.c
Linking C executable cmTC_cbace
/usr/bin/cmake -E cmake_link_script CMakeFiles/cmTC_cbace.dir/link.txt --verbose=1
/usr/bin/cc      -rdynamic CMakeFiles/cmTC_cbace.dir/CheckIncludeFile.c.o  -o cmTC_cbace 
make[1]: Leaving directory '/root/liteclient-build/CMakeFiles/CMakeTmp'


Determining size of unsigned short passed with the following output:
Change Dir: /root/liteclient-build/CMakeFiles/CMakeTmp

Run Build Command:"/usr/bin/make" "cmTC_d7ec8/fast"
/usr/bin/make -f CMakeFiles/cmTC_d7ec8.dir/build.make CMakeFiles/cmTC_d7ec8.dir/build
make[1]: Entering directory '/root/liteclient-build/CMakeFiles/CMakeTmp'
Building C object CMakeFiles/cmTC_d7ec8.dir/CMAKE_SIZEOF_UNSIGNED_SHORT.c.o
/usr/bin/cc   -fPIE   -o CMakeFiles/cmTC_d7ec8.dir/CMAKE_SIZEOF_UNSIGNED_SHORT.c.o   -c /root/liteclient-build/CMakeFiles/CheckTypeSize/CMAKE_SIZEOF_UNSIGNED_SHORT.c
Linking C executable cmTC_d7ec8
/usr/bin/cmake -E cmake_link_script CMakeFiles/cmTC_d7ec8.dir/link.txt --verbose=1
/usr/bin/cc      -rdynamic CMakeFiles/cmTC_d7ec8.dir/CMAKE_SIZEOF_UNSIGNED_SHORT.c.o  -o cmTC_d7ec8 
make[1]: Leaving directory '/root/liteclient-build/CMakeFiles/CMakeTmp'


Determining if the system is big endian passed with the following output:
Change Dir: /root/liteclient-build/CMakeFiles/CMakeTmp

Run Build Command:"/usr/bin/make" "cmTC_017b0/fast"
/usr/bin/make -f CMakeFiles/cmTC_017b0.dir/build.make CMakeFiles/cmTC_017b0.dir/build
make[1]: Entering directory '/root/liteclient-build/CMakeFiles/CMakeTmp'
Building C object CMakeFiles/cmTC_017b0.dir/TestEndianess.c.o
/usr/bin/cc   -fPIE   -o CMakeFiles/cmTC_017b0.dir/TestEndianess.c.o   -c /root/liteclient-build/CMakeFiles/CMakeTmp/TestEndianess.c
Linking C executable cmTC_017b0
/usr/bin/cmake -E cmake_link_script CMakeFiles/cmTC_017b0.dir/link.txt --verbose=1
/usr/bin/cc      -rdynamic CMakeFiles/cmTC_017b0.dir/TestEndianess.c.o  -o cmTC_017b0 
make[1]: Leaving directory '/root/liteclient-build/CMakeFiles/CMakeTmp'

TestEndianess.c:
/* A 16 bit integer is required. */
typedef unsigned short cmakeint16;

/* On a little endian machine, these 16bit ints will give "THIS IS LITTLE ENDIAN."
   On a big endian machine the characters will be exchanged pairwise. */
const cmakeint16 info_little[] =  {0x4854, 0x5349, 0x4920, 0x2053, 0x494c, 0x5454, 0x454c, 0x4520, 0x444e, 0x4149, 0x2e4e, 0x0000};

/* on a big endian machine, these 16bit ints will give "THIS IS BIG ENDIAN."
   On a little endian machine the characters will be exchanged pairwise. */
const cmakeint16 info_big[] =     {0x5448, 0x4953, 0x2049, 0x5320, 0x4249, 0x4720, 0x454e, 0x4449, 0x414e, 0x2e2e, 0x0000};

#ifdef __CLASSIC_C__
int main(argc, argv) int argc; char *argv[];
#else
int main(int argc, char *argv[])
#endif
{
  int require = 0;
  require += info_little[argc];
  require += info_big[argc];
  (void)argv;
  return require;
}


Performing C++ SOURCE FILE Test CRC32C_HAVE_NO_DEPRECATED succeeded with the following output:
Change Dir: /root/liteclient-build/CMakeFiles/CMakeTmp

Run Build Command:"/usr/bin/make" "cmTC_ad497/fast"
/usr/bin/make -f CMakeFiles/cmTC_ad497.dir/build.make CMakeFiles/cmTC_ad497.dir/build
make[1]: Entering directory '/root/liteclient-build/CMakeFiles/CMakeTmp'
Building CXX object CMakeFiles/cmTC_ad497.dir/src.cxx.o
/usr/bin/c++    -Wall -Wextra -Werror -fno-exceptions -fno-rtti -DCRC32C_HAVE_NO_DEPRECATED -fPIE   -Wno-deprecated -o CMakeFiles/cmTC_ad497.dir/src.cxx.o -c /root/liteclient-build/CMakeFiles/CMakeTmp/src.cxx
Linking CXX executable cmTC_ad497
/usr/bin/cmake -E cmake_link_script CMakeFiles/cmTC_ad497.dir/link.txt --verbose=1
/usr/bin/c++   -Wall -Wextra -Werror -fno-exceptions -fno-rtti -DCRC32C_HAVE_NO_DEPRECATED    -rdynamic CMakeFiles/cmTC_ad497.dir/src.cxx.o  -o cmTC_ad497 
make[1]: Leaving directory '/root/liteclient-build/CMakeFiles/CMakeTmp'

Source file was:
int main() { return 0; }
Performing C++ SOURCE FILE Test CRC32C_HAVE_NO_SIGN_COMPARE succeeded with the following output:
Change Dir: /root/liteclient-build/CMakeFiles/CMakeTmp

Run Build Command:"/usr/bin/make" "cmTC_71af8/fast"
/usr/bin/make -f CMakeFiles/cmTC_71af8.dir/build.make CMakeFiles/cmTC_71af8.dir/build
make[1]: Entering directory '/root/liteclient-build/CMakeFiles/CMakeTmp'
Building CXX object CMakeFiles/cmTC_71af8.dir/src.cxx.o
/usr/bin/c++    -Wall -Wextra -Werror -fno-exceptions -fno-rtti -DCRC32C_HAVE_NO_SIGN_COMPARE -fPIE   -Wno-sign-compare -o CMakeFiles/cmTC_71af8.dir/src.cxx.o -c /root/liteclient-build/CMakeFiles/CMakeTmp/src.cxx
Linking CXX executable cmTC_71af8
/usr/bin/cmake -E cmake_link_script CMakeFiles/cmTC_71af8.dir/link.txt --verbose=1
/usr/bin/c++   -Wall -Wextra -Werror -fno-exceptions -fno-rtti -DCRC32C_HAVE_NO_SIGN_COMPARE    -rdynamic CMakeFiles/cmTC_71af8.dir/src.cxx.o  -o cmTC_71af8 
make[1]: Leaving directory '/root/liteclient-build/CMakeFiles/CMakeTmp'

Source file was:
int main() { return 0; }
Performing C++ SOURCE FILE Test CRC32C_HAVE_NO_UNUSED_PARAMETER succeeded with the following output:
Change Dir: /root/liteclient-build/CMakeFiles/CMakeTmp

Run Build Command:"/usr/bin/make" "cmTC_b6725/fast"
/usr/bin/make -f CMakeFiles/cmTC_b6725.dir/build.make CMakeFiles/cmTC_b6725.dir/build
make[1]: Entering directory '/root/liteclient-build/CMakeFiles/CMakeTmp'
Building CXX object CMakeFiles/cmTC_b6725.dir/src.cxx.o
/usr/bin/c++    -Wall -Wextra -Werror -fno-exceptions -fno-rtti -DCRC32C_HAVE_NO_UNUSED_PARAMETER -fPIE   -Wno-unused-parameter -o CMakeFiles/cmTC_b6725.dir/src.cxx.o -c /root/liteclient-build/CMakeFiles/CMakeTmp/src.cxx
Linking CXX executable cmTC_b6725
/usr/bin/cmake -E cmake_link_script CMakeFiles/cmTC_b6725.dir/link.txt --verbose=1
/usr/bin/c++   -Wall -Wextra -Werror -fno-exceptions -fno-rtti -DCRC32C_HAVE_NO_UNUSED_PARAMETER    -rdynamic CMakeFiles/cmTC_b6725.dir/src.cxx.o  -o cmTC_b6725 
make[1]: Leaving directory '/root/liteclient-build/CMakeFiles/CMakeTmp'

Source file was:
int main() { return 0; }
Performing C++ SOURCE FILE Test CRC32C_HAVE_NO_MISSING_FIELD_INITIALIZERS succeeded with the following output:
Change Dir: /root/liteclient-build/CMakeFiles/CMakeTmp

Run Build Command:"/usr/bin/make" "cmTC_215b9/fast"
/usr/bin/make -f CMakeFiles/cmTC_215b9.dir/build.make CMakeFiles/cmTC_215b9.dir/build
make[1]: Entering directory '/root/liteclient-build/CMakeFiles/CMakeTmp'
Building CXX object CMakeFiles/cmTC_215b9.dir/src.cxx.o
/usr/bin/c++    -Wall -Wextra -Werror -fno-exceptions -fno-rtti -DCRC32C_HAVE_NO_MISSING_FIELD_INITIALIZERS -fPIE   -Wno-missing-field-initializers -o CMakeFiles/cmTC_215b9.dir/src.cxx.o -c /root/liteclient-build/CMakeFiles/CMakeTmp/src.cxx
Linking CXX executable cmTC_215b9
/usr/bin/cmake -E cmake_link_script CMakeFiles/cmTC_215b9.dir/link.txt --verbose=1
/usr/bin/c++   -Wall -Wextra -Werror -fno-exceptions -fno-rtti -DCRC32C_HAVE_NO_MISSING_FIELD_INITIALIZERS    -rdynamic CMakeFiles/cmTC_215b9.dir/src.cxx.o  -o cmTC_215b9 
make[1]: Leaving directory '/root/liteclient-build/CMakeFiles/CMakeTmp'

Source file was:
int main() { return 0; }
Performing C++ SOURCE FILE Test HAVE_BUILTIN_PREFETCH succeeded with the following output:
Change Dir: /root/liteclient-build/CMakeFiles/CMakeTmp

Run Build Command:"/usr/bin/make" "cmTC_03256/fast"
/usr/bin/make -f CMakeFiles/cmTC_03256.dir/build.make CMakeFiles/cmTC_03256.dir/build
make[1]: Entering directory '/root/liteclient-build/CMakeFiles/CMakeTmp'
Building CXX object CMakeFiles/cmTC_03256.dir/src.cxx.o
/usr/bin/c++    -Wall -Wextra -Werror -fno-exceptions -fno-rtti -DHAVE_BUILTIN_PREFETCH -fPIE   -o CMakeFiles/cmTC_03256.dir/src.cxx.o -c /root/liteclient-build/CMakeFiles/CMakeTmp/src.cxx
Linking CXX executable cmTC_03256
/usr/bin/cmake -E cmake_link_script CMakeFiles/cmTC_03256.dir/link.txt --verbose=1
/usr/bin/c++   -Wall -Wextra -Werror -fno-exceptions -fno-rtti -DHAVE_BUILTIN_PREFETCH    -rdynamic CMakeFiles/cmTC_03256.dir/src.cxx.o  -o cmTC_03256 
make[1]: Leaving directory '/root/liteclient-build/CMakeFiles/CMakeTmp'

Source file was:

int main() {
  char data = 0;
  const char* address = &data;
  __builtin_prefetch(address, 0, 0);
  return 0;
}

Performing C++ SOURCE FILE Test HAVE_MM_PREFETCH succeeded with the following output:
Change Dir: /root/liteclient-build/CMakeFiles/CMakeTmp

Run Build Command:"/usr/bin/make" "cmTC_087cc/fast"
/usr/bin/make -f CMakeFiles/cmTC_087cc.dir/build.make CMakeFiles/cmTC_087cc.dir/build
make[1]: Entering directory '/root/liteclient-build/CMakeFiles/CMakeTmp'
Building CXX object CMakeFiles/cmTC_087cc.dir/src.cxx.o
/usr/bin/c++    -Wall -Wextra -Werror -fno-exceptions -fno-rtti -DHAVE_MM_PREFETCH -fPIE   -o CMakeFiles/cmTC_087cc.dir/src.cxx.o -c /root/liteclient-build/CMakeFiles/CMakeTmp/src.cxx
Linking CXX executable cmTC_087cc
/usr/bin/cmake -E cmake_link_script CMakeFiles/cmTC_087cc.dir/link.txt --verbose=1
/usr/bin/c++   -Wall -Wextra -Werror -fno-exceptions -fno-rtti -DHAVE_MM_PREFETCH    -rdynamic CMakeFiles/cmTC_087cc.dir/src.cxx.o  -o cmTC_087cc 
make[1]: Leaving directory '/root/liteclient-build/CMakeFiles/CMakeTmp'

Source file was:

#if defined(_MSC_VER)
#include <intrin.h>
#else  // !defined(_MSC_VER)
#include <xmmintrin.h>
#endif  // defined(_MSC_VER)

int main() {
  char data = 0;
  const char* address = &data;
  _mm_prefetch(address, _MM_HINT_NTA);
  return 0;
}

Performing C++ SOURCE FILE Test HAVE_SSE42 succeeded with the following output:
Change Dir: /root/liteclient-build/CMakeFiles/CMakeTmp

Run Build Command:"/usr/bin/make" "cmTC_cc690/fast"
/usr/bin/make -f CMakeFiles/cmTC_cc690.dir/build.make CMakeFiles/cmTC_cc690.dir/build
make[1]: Entering directory '/root/liteclient-build/CMakeFiles/CMakeTmp'
Building CXX object CMakeFiles/cmTC_cc690.dir/src.cxx.o
/usr/bin/c++    -Wall -Wextra -Werror -fno-exceptions -fno-rtti -DHAVE_SSE42  -msse4.2 -fPIE   -o CMakeFiles/cmTC_cc690.dir/src.cxx.o -c /root/liteclient-build/CMakeFiles/CMakeTmp/src.cxx
Linking CXX executable cmTC_cc690
/usr/bin/cmake -E cmake_link_script CMakeFiles/cmTC_cc690.dir/link.txt --verbose=1
/usr/bin/c++   -Wall -Wextra -Werror -fno-exceptions -fno-rtti -DHAVE_SSE42  -msse4.2    -rdynamic CMakeFiles/cmTC_cc690.dir/src.cxx.o  -o cmTC_cc690 
make[1]: Leaving directory '/root/liteclient-build/CMakeFiles/CMakeTmp'

Source file was:

#if defined(_MSC_VER)
#include <intrin.h>
#else  // !defined(_MSC_VER)
#include <cpuid.h>
#include <nmmintrin.h>
#endif  // defined(_MSC_VER)

int main() {
  _mm_crc32_u8(0, 0); _mm_crc32_u32(0, 0);
#if defined(_M_X64) || defined(__x86_64__)
   _mm_crc32_u64(0, 0);
#endif // defined(_M_X64) || defined(__x86_64__)
  return 0;
}

Performing C++ SOURCE FILE Test HAVE_WEAK_GETAUXVAL succeeded with the following output:
Change Dir: /root/liteclient-build/CMakeFiles/CMakeTmp

Run Build Command:"/usr/bin/make" "cmTC_364c3/fast"
/usr/bin/make -f CMakeFiles/cmTC_364c3.dir/build.make CMakeFiles/cmTC_364c3.dir/build
make[1]: Entering directory '/root/liteclient-build/CMakeFiles/CMakeTmp'
Building CXX object CMakeFiles/cmTC_364c3.dir/src.cxx.o
/usr/bin/c++    -Wall -Wextra -Werror -fno-exceptions -fno-rtti -DHAVE_WEAK_GETAUXVAL -fPIE   -o CMakeFiles/cmTC_364c3.dir/src.cxx.o -c /root/liteclient-build/CMakeFiles/CMakeTmp/src.cxx
Linking CXX executable cmTC_364c3
/usr/bin/cmake -E cmake_link_script CMakeFiles/cmTC_364c3.dir/link.txt --verbose=1
/usr/bin/c++   -Wall -Wextra -Werror -fno-exceptions -fno-rtti -DHAVE_WEAK_GETAUXVAL    -rdynamic CMakeFiles/cmTC_364c3.dir/src.cxx.o  -o cmTC_364c3 
make[1]: Leaving directory '/root/liteclient-build/CMakeFiles/CMakeTmp'

Source file was:

unsigned long getauxval(unsigned long type) __attribute__((weak));
#define AT_HWCAP 16

int main() {
  getauxval(AT_HWCAP);
  return 0;
}

Performing C++ SOURCE FILE Test HAVE_STD14 succeeded with the following output:
Change Dir: /root/liteclient-build/CMakeFiles/CMakeTmp

Run Build Command:"/usr/bin/make" "cmTC_8e1e3/fast"
/usr/bin/make -f CMakeFiles/cmTC_8e1e3.dir/build.make CMakeFiles/cmTC_8e1e3.dir/build
make[1]: Entering directory '/root/liteclient-build/CMakeFiles/CMakeTmp'
Building CXX object CMakeFiles/cmTC_8e1e3.dir/src.cxx.o
/usr/bin/c++    -DHAVE_STD14 -fPIE   -std=c++14 -o CMakeFiles/cmTC_8e1e3.dir/src.cxx.o -c /root/liteclient-build/CMakeFiles/CMakeTmp/src.cxx
Linking CXX executable cmTC_8e1e3
/usr/bin/cmake -E cmake_link_script CMakeFiles/cmTC_8e1e3.dir/link.txt --verbose=1
/usr/bin/c++   -DHAVE_STD14    -rdynamic CMakeFiles/cmTC_8e1e3.dir/src.cxx.o  -o cmTC_8e1e3 
make[1]: Leaving directory '/root/liteclient-build/CMakeFiles/CMakeTmp'

Source file was:
int main() { return 0; }
Determining if the include file pthread.h exists passed with the following output:
Change Dir: /root/liteclient-build/CMakeFiles/CMakeTmp

Run Build Command:"/usr/bin/make" "cmTC_e52b5/fast"
/usr/bin/make -f CMakeFiles/cmTC_e52b5.dir/build.make CMakeFiles/cmTC_e52b5.dir/build
make[1]: Entering directory '/root/liteclient-build/CMakeFiles/CMakeTmp'
Building C object CMakeFiles/cmTC_e52b5.dir/CheckIncludeFile.c.o
/usr/bin/cc   -fPIE   -o CMakeFiles/cmTC_e52b5.dir/CheckIncludeFile.c.o   -c /root/liteclient-build/CMakeFiles/CMakeTmp/CheckIncludeFile.c
Linking C executable cmTC_e52b5
/usr/bin/cmake -E cmake_link_script CMakeFiles/cmTC_e52b5.dir/link.txt --verbose=1
/usr/bin/cc      -rdynamic CMakeFiles/cmTC_e52b5.dir/CheckIncludeFile.c.o  -o cmTC_e52b5 
make[1]: Leaving directory '/root/liteclient-build/CMakeFiles/CMakeTmp'


Performing C++ SOURCE FILE Test HAVE_CXX_FLAG_WALL succeeded with the following output:
Change Dir: /root/liteclient-build/CMakeFiles/CMakeTmp

Run Build Command:"/usr/bin/make" "cmTC_d6c5b/fast"
/usr/bin/make -f CMakeFiles/cmTC_d6c5b.dir/build.make CMakeFiles/cmTC_d6c5b.dir/build
make[1]: Entering directory '/root/liteclient-build/CMakeFiles/CMakeTmp'
Building CXX object CMakeFiles/cmTC_d6c5b.dir/src.cxx.o
/usr/bin/c++    -march=native -pthread -std=c++14 -fno-omit-frame-pointer -ffunction-sections -fdata-sections -DHAVE_CXX_FLAG_WALL  -Wall -fPIE   -Wall -o CMakeFiles/cmTC_d6c5b.dir/src.cxx.o -c /root/liteclient-build/CMakeFiles/CMakeTmp/src.cxx
Linking CXX executable cmTC_d6c5b
/usr/bin/cmake -E cmake_link_script CMakeFiles/cmTC_d6c5b.dir/link.txt --verbose=1
/usr/bin/c++   -march=native -pthread -std=c++14 -fno-omit-frame-pointer -ffunction-sections -fdata-sections -DHAVE_CXX_FLAG_WALL  -Wall    -rdynamic CMakeFiles/cmTC_d6c5b.dir/src.cxx.o  -o cmTC_d6c5b 
make[1]: Leaving directory '/root/liteclient-build/CMakeFiles/CMakeTmp'

Source file was:
int main() { return 0; }
Performing C++ SOURCE FILE Test HAVE_CXX_FLAG_WEXTRA succeeded with the following output:
Change Dir: /root/liteclient-build/CMakeFiles/CMakeTmp

Run Build Command:"/usr/bin/make" "cmTC_b7a2f/fast"
/usr/bin/make -f CMakeFiles/cmTC_b7a2f.dir/build.make CMakeFiles/cmTC_b7a2f.dir/build
make[1]: Entering directory '/root/liteclient-build/CMakeFiles/CMakeTmp'
Building CXX object CMakeFiles/cmTC_b7a2f.dir/src.cxx.o
/usr/bin/c++    -march=native -pthread -std=c++14 -fno-omit-frame-pointer -ffunction-sections -fdata-sections -Wall -DHAVE_CXX_FLAG_WEXTRA  -Wextra -fPIE   -Wextra -o CMakeFiles/cmTC_b7a2f.dir/src.cxx.o -c /root/liteclient-build/CMakeFiles/CMakeTmp/src.cxx
Linking CXX executable cmTC_b7a2f
/usr/bin/cmake -E cmake_link_script CMakeFiles/cmTC_b7a2f.dir/link.txt --verbose=1
/usr/bin/c++   -march=native -pthread -std=c++14 -fno-omit-frame-pointer -ffunction-sections -fdata-sections -Wall -DHAVE_CXX_FLAG_WEXTRA  -Wextra    -rdynamic CMakeFiles/cmTC_b7a2f.dir/src.cxx.o  -o cmTC_b7a2f 
make[1]: Leaving directory '/root/liteclient-build/CMakeFiles/CMakeTmp'

Source file was:
int main() { return 0; }
Performing C++ SOURCE FILE Test HAVE_CXX_FLAG_WIMPLICIT_FALLTHROUGH_2 succeeded with the following output:
Change Dir: /root/liteclient-build/CMakeFiles/CMakeTmp

Run Build Command:"/usr/bin/make" "cmTC_12be9/fast"
/usr/bin/make -f CMakeFiles/cmTC_12be9.dir/build.make CMakeFiles/cmTC_12be9.dir/build
make[1]: Entering directory '/root/liteclient-build/CMakeFiles/CMakeTmp'
Building CXX object CMakeFiles/cmTC_12be9.dir/src.cxx.o
/usr/bin/c++    -march=native -pthread -std=c++14 -fno-omit-frame-pointer -ffunction-sections -fdata-sections -Wall -Wextra -DHAVE_CXX_FLAG_WIMPLICIT_FALLTHROUGH_2  -Wimplicit-fallthrough=2 -fPIE   -Wimplicit-fallthrough=2 -o CMakeFiles/cmTC_12be9.dir/src.cxx.o -c /root/liteclient-build/CMakeFiles/CMakeTmp/src.cxx
Linking CXX executable cmTC_12be9
/usr/bin/cmake -E cmake_link_script CMakeFiles/cmTC_12be9.dir/link.txt --verbose=1
/usr/bin/c++   -march=native -pthread -std=c++14 -fno-omit-frame-pointer -ffunction-sections -fdata-sections -Wall -Wextra -DHAVE_CXX_FLAG_WIMPLICIT_FALLTHROUGH_2  -Wimplicit-fallthrough=2    -rdynamic CMakeFiles/cmTC_12be9.dir/src.cxx.o  -o cmTC_12be9 
make[1]: Leaving directory '/root/liteclient-build/CMakeFiles/CMakeTmp'

Source file was:
int main() { return 0; }
Performing C++ SOURCE FILE Test HAVE_CXX_FLAG_WPOINTER_ARITH succeeded with the following output:
Change Dir: /root/liteclient-build/CMakeFiles/CMakeTmp

Run Build Command:"/usr/bin/make" "cmTC_aa6cb/fast"
/usr/bin/make -f CMakeFiles/cmTC_aa6cb.dir/build.make CMakeFiles/cmTC_aa6cb.dir/build
make[1]: Entering directory '/root/liteclient-build/CMakeFiles/CMakeTmp'
Building CXX object CMakeFiles/cmTC_aa6cb.dir/src.cxx.o
/usr/bin/c++    -march=native -pthread -std=c++14 -fno-omit-frame-pointer -ffunction-sections -fdata-sections -Wall -Wextra -Wimplicit-fallthrough=2 -DHAVE_CXX_FLAG_WPOINTER_ARITH  -Wpointer-arith -fPIE   -Wpointer-arith -o CMakeFiles/cmTC_aa6cb.dir/src.cxx.o -c /root/liteclient-build/CMakeFiles/CMakeTmp/src.cxx
Linking CXX executable cmTC_aa6cb
/usr/bin/cmake -E cmake_link_script CMakeFiles/cmTC_aa6cb.dir/link.txt --verbose=1
/usr/bin/c++   -march=native -pthread -std=c++14 -fno-omit-frame-pointer -ffunction-sections -fdata-sections -Wall -Wextra -Wimplicit-fallthrough=2 -DHAVE_CXX_FLAG_WPOINTER_ARITH  -Wpointer-arith    -rdynamic CMakeFiles/cmTC_aa6cb.dir/src.cxx.o  -o cmTC_aa6cb 
make[1]: Leaving directory '/root/liteclient-build/CMakeFiles/CMakeTmp'

Source file was:
int main() { return 0; }
Performing C++ SOURCE FILE Test HAVE_CXX_FLAG_WCAST_QUAL succeeded with the following output:
Change Dir: /root/liteclient-build/CMakeFiles/CMakeTmp

Run Build Command:"/usr/bin/make" "cmTC_1180b/fast"
/usr/bin/make -f CMakeFiles/cmTC_1180b.dir/build.make CMakeFiles/cmTC_1180b.dir/build
make[1]: Entering directory '/root/liteclient-build/CMakeFiles/CMakeTmp'
Building CXX object CMakeFiles/cmTC_1180b.dir/src.cxx.o
/usr/bin/c++    -march=native -pthread -std=c++14 -fno-omit-frame-pointer -ffunction-sections -fdata-sections -Wall -Wextra -Wimplicit-fallthrough=2 -Wpointer-arith -DHAVE_CXX_FLAG_WCAST_QUAL  -Wcast-qual -fPIE   -Wcast-qual -o CMakeFiles/cmTC_1180b.dir/src.cxx.o -c /root/liteclient-build/CMakeFiles/CMakeTmp/src.cxx
Linking CXX executable cmTC_1180b
/usr/bin/cmake -E cmake_link_script CMakeFiles/cmTC_1180b.dir/link.txt --verbose=1
/usr/bin/c++   -march=native -pthread -std=c++14 -fno-omit-frame-pointer -ffunction-sections -fdata-sections -Wall -Wextra -Wimplicit-fallthrough=2 -Wpointer-arith -DHAVE_CXX_FLAG_WCAST_QUAL  -Wcast-qual    -rdynamic CMakeFiles/cmTC_1180b.dir/src.cxx.o  -o cmTC_1180b 
make[1]: Leaving directory '/root/liteclient-build/CMakeFiles/CMakeTmp'

Source file was:
int main() { return 0; }
Performing C++ SOURCE FILE Test HAVE_CXX_FLAG_WSIGN_COMPARE succeeded with the following output:
Change Dir: /root/liteclient-build/CMakeFiles/CMakeTmp

Run Build Command:"/usr/bin/make" "cmTC_85158/fast"
/usr/bin/make -f CMakeFiles/cmTC_85158.dir/build.make CMakeFiles/cmTC_85158.dir/build
make[1]: Entering directory '/root/liteclient-build/CMakeFiles/CMakeTmp'
Building CXX object CMakeFiles/cmTC_85158.dir/src.cxx.o
/usr/bin/c++    -march=native -pthread -std=c++14 -fno-omit-frame-pointer -ffunction-sections -fdata-sections -Wall -Wextra -Wimplicit-fallthrough=2 -Wpointer-arith -Wcast-qual -DHAVE_CXX_FLAG_WSIGN_COMPARE  -Wsign-compare -fPIE   -Wsign-compare -o CMakeFiles/cmTC_85158.dir/src.cxx.o -c /root/liteclient-build/CMakeFiles/CMakeTmp/src.cxx
Linking CXX executable cmTC_85158
/usr/bin/cmake -E cmake_link_script CMakeFiles/cmTC_85158.dir/link.txt --verbose=1
/usr/bin/c++   -march=native -pthread -std=c++14 -fno-omit-frame-pointer -ffunction-sections -fdata-sections -Wall -Wextra -Wimplicit-fallthrough=2 -Wpointer-arith -Wcast-qual -DHAVE_CXX_FLAG_WSIGN_COMPARE  -Wsign-compare    -rdynamic CMakeFiles/cmTC_85158.dir/src.cxx.o  -o cmTC_85158 
make[1]: Leaving directory '/root/liteclient-build/CMakeFiles/CMakeTmp'

Source file was:
int main() { return 0; }
Performing C++ SOURCE FILE Test HAVE_CXX_FLAG_WDUPLICATED_BRANCHES succeeded with the following output:
Change Dir: /root/liteclient-build/CMakeFiles/CMakeTmp

Run Build Command:"/usr/bin/make" "cmTC_cf4e7/fast"
/usr/bin/make -f CMakeFiles/cmTC_cf4e7.dir/build.make CMakeFiles/cmTC_cf4e7.dir/build
make[1]: Entering directory '/root/liteclient-build/CMakeFiles/CMakeTmp'
Building CXX object CMakeFiles/cmTC_cf4e7.dir/src.cxx.o
/usr/bin/c++    -march=native -pthread -std=c++14 -fno-omit-frame-pointer -ffunction-sections -fdata-sections -Wall -Wextra -Wimplicit-fallthrough=2 -Wpointer-arith -Wcast-qual -Wsign-compare -DHAVE_CXX_FLAG_WDUPLICATED_BRANCHES  -Wduplicated-branches -fPIE   -Wduplicated-branches -o CMakeFiles/cmTC_cf4e7.dir/src.cxx.o -c /root/liteclient-build/CMakeFiles/CMakeTmp/src.cxx
Linking CXX executable cmTC_cf4e7
/usr/bin/cmake -E cmake_link_script CMakeFiles/cmTC_cf4e7.dir/link.txt --verbose=1
/usr/bin/c++   -march=native -pthread -std=c++14 -fno-omit-frame-pointer -ffunction-sections -fdata-sections -Wall -Wextra -Wimplicit-fallthrough=2 -Wpointer-arith -Wcast-qual -Wsign-compare -DHAVE_CXX_FLAG_WDUPLICATED_BRANCHES  -Wduplicated-branches    -rdynamic CMakeFiles/cmTC_cf4e7.dir/src.cxx.o  -o cmTC_cf4e7 
make[1]: Leaving directory '/root/liteclient-build/CMakeFiles/CMakeTmp'

Source file was:
int main() { return 0; }
Performing C++ SOURCE FILE Test HAVE_CXX_FLAG_WDUPLICATED_COND succeeded with the following output:
Change Dir: /root/liteclient-build/CMakeFiles/CMakeTmp

Run Build Command:"/usr/bin/make" "cmTC_7a232/fast"
/usr/bin/make -f CMakeFiles/cmTC_7a232.dir/build.make CMakeFiles/cmTC_7a232.dir/build
make[1]: Entering directory '/root/liteclient-build/CMakeFiles/CMakeTmp'
Building CXX object CMakeFiles/cmTC_7a232.dir/src.cxx.o
/usr/bin/c++    -march=native -pthread -std=c++14 -fno-omit-frame-pointer -ffunction-sections -fdata-sections -Wall -Wextra -Wimplicit-fallthrough=2 -Wpointer-arith -Wcast-qual -Wsign-compare -Wduplicated-branches -DHAVE_CXX_FLAG_WDUPLICATED_COND  -Wduplicated-cond -fPIE   -Wduplicated-cond -o CMakeFiles/cmTC_7a232.dir/src.cxx.o -c /root/liteclient-build/CMakeFiles/CMakeTmp/src.cxx
Linking CXX executable cmTC_7a232
/usr/bin/cmake -E cmake_link_script CMakeFiles/cmTC_7a232.dir/link.txt --verbose=1
/usr/bin/c++   -march=native -pthread -std=c++14 -fno-omit-frame-pointer -ffunction-sections -fdata-sections -Wall -Wextra -Wimplicit-fallthrough=2 -Wpointer-arith -Wcast-qual -Wsign-compare -Wduplicated-branches -DHAVE_CXX_FLAG_WDUPLICATED_COND  -Wduplicated-cond    -rdynamic CMakeFiles/cmTC_7a232.dir/src.cxx.o  -o cmTC_7a232 
make[1]: Leaving directory '/root/liteclient-build/CMakeFiles/CMakeTmp'

Source file was:
int main() { return 0; }
Performing C++ SOURCE FILE Test HAVE_CXX_FLAG_WALLOC_ZERO succeeded with the following output:
Change Dir: /root/liteclient-build/CMakeFiles/CMakeTmp

Run Build Command:"/usr/bin/make" "cmTC_9e2ef/fast"
/usr/bin/make -f CMakeFiles/cmTC_9e2ef.dir/build.make CMakeFiles/cmTC_9e2ef.dir/build
make[1]: Entering directory '/root/liteclient-build/CMakeFiles/CMakeTmp'
Building CXX object CMakeFiles/cmTC_9e2ef.dir/src.cxx.o
/usr/bin/c++    -march=native -pthread -std=c++14 -fno-omit-frame-pointer -ffunction-sections -fdata-sections -Wall -Wextra -Wimplicit-fallthrough=2 -Wpointer-arith -Wcast-qual -Wsign-compare -Wduplicated-branches -Wduplicated-cond -DHAVE_CXX_FLAG_WALLOC_ZERO  -Walloc-zero -fPIE   -Walloc-zero -o CMakeFiles/cmTC_9e2ef.dir/src.cxx.o -c /root/liteclient-build/CMakeFiles/CMakeTmp/src.cxx
Linking CXX executable cmTC_9e2ef
/usr/bin/cmake -E cmake_link_script CMakeFiles/cmTC_9e2ef.dir/link.txt --verbose=1
/usr/bin/c++   -march=native -pthread -std=c++14 -fno-omit-frame-pointer -ffunction-sections -fdata-sections -Wall -Wextra -Wimplicit-fallthrough=2 -Wpointer-arith -Wcast-qual -Wsign-compare -Wduplicated-branches -Wduplicated-cond -DHAVE_CXX_FLAG_WALLOC_ZERO  -Walloc-zero    -rdynamic CMakeFiles/cmTC_9e2ef.dir/src.cxx.o  -o cmTC_9e2ef 
make[1]: Leaving directory '/root/liteclient-build/CMakeFiles/CMakeTmp'

Source file was:
int main() { return 0; }
Performing C++ SOURCE FILE Test HAVE_CXX_FLAG_WLOGICAL_OP succeeded with the following output:
Change Dir: /root/liteclient-build/CMakeFiles/CMakeTmp

Run Build Command:"/usr/bin/make" "cmTC_d1eda/fast"
/usr/bin/make -f CMakeFiles/cmTC_d1eda.dir/build.make CMakeFiles/cmTC_d1eda.dir/build
make[1]: Entering directory '/root/liteclient-build/CMakeFiles/CMakeTmp'
Building CXX object CMakeFiles/cmTC_d1eda.dir/src.cxx.o
/usr/bin/c++    -march=native -pthread -std=c++14 -fno-omit-frame-pointer -ffunction-sections -fdata-sections -Wall -Wextra -Wimplicit-fallthrough=2 -Wpointer-arith -Wcast-qual -Wsign-compare -Wduplicated-branches -Wduplicated-cond -Walloc-zero -DHAVE_CXX_FLAG_WLOGICAL_OP  -Wlogical-op -fPIE   -Wlogical-op -o CMakeFiles/cmTC_d1eda.dir/src.cxx.o -c /root/liteclient-build/CMakeFiles/CMakeTmp/src.cxx
Linking CXX executable cmTC_d1eda
/usr/bin/cmake -E cmake_link_script CMakeFiles/cmTC_d1eda.dir/link.txt --verbose=1
/usr/bin/c++   -march=native -pthread -std=c++14 -fno-omit-frame-pointer -ffunction-sections -fdata-sections -Wall -Wextra -Wimplicit-fallthrough=2 -Wpointer-arith -Wcast-qual -Wsign-compare -Wduplicated-branches -Wduplicated-cond -Walloc-zero -DHAVE_CXX_FLAG_WLOGICAL_OP  -Wlogical-op    -rdynamic CMakeFiles/cmTC_d1eda.dir/src.cxx.o  -o cmTC_d1eda 
make[1]: Leaving directory '/root/liteclient-build/CMakeFiles/CMakeTmp'

Source file was:
int main() { return 0; }
Performing C++ SOURCE FILE Test HAVE_CXX_FLAG_WTAUTOLOGICAL_COMPARE succeeded with the following output:
Change Dir: /root/liteclient-build/CMakeFiles/CMakeTmp

Run Build Command:"/usr/bin/make" "cmTC_a221b/fast"
/usr/bin/make -f CMakeFiles/cmTC_a221b.dir/build.make CMakeFiles/cmTC_a221b.dir/build
make[1]: Entering directory '/root/liteclient-build/CMakeFiles/CMakeTmp'
Building CXX object CMakeFiles/cmTC_a221b.dir/src.cxx.o
/usr/bin/c++    -march=native -pthread -std=c++14 -fno-omit-frame-pointer -ffunction-sections -fdata-sections -Wall -Wextra -Wimplicit-fallthrough=2 -Wpointer-arith -Wcast-qual -Wsign-compare -Wduplicated-branches -Wduplicated-cond -Walloc-zero -Wlogical-op -DHAVE_CXX_FLAG_WTAUTOLOGICAL_COMPARE  -Wno-tautological-compare -fPIE   -Wtautological-compare -o CMakeFiles/cmTC_a221b.dir/src.cxx.o -c /root/liteclient-build/CMakeFiles/CMakeTmp/src.cxx
Linking CXX executable cmTC_a221b
/usr/bin/cmake -E cmake_link_script CMakeFiles/cmTC_a221b.dir/link.txt --verbose=1
/usr/bin/c++   -march=native -pthread -std=c++14 -fno-omit-frame-pointer -ffunction-sections -fdata-sections -Wall -Wextra -Wimplicit-fallthrough=2 -Wpointer-arith -Wcast-qual -Wsign-compare -Wduplicated-branches -Wduplicated-cond -Walloc-zero -Wlogical-op -DHAVE_CXX_FLAG_WTAUTOLOGICAL_COMPARE  -Wno-tautological-compare    -rdynamic CMakeFiles/cmTC_a221b.dir/src.cxx.o  -o cmTC_a221b 
make[1]: Leaving directory '/root/liteclient-build/CMakeFiles/CMakeTmp'

Source file was:
int main() { return 0; }
Performing C++ SOURCE FILE Test HAVE_CXX_FLAG_WVLA succeeded with the following output:
Change Dir: /root/liteclient-build/CMakeFiles/CMakeTmp

Run Build Command:"/usr/bin/make" "cmTC_adf87/fast"
/usr/bin/make -f CMakeFiles/cmTC_adf87.dir/build.make CMakeFiles/cmTC_adf87.dir/build
make[1]: Entering directory '/root/liteclient-build/CMakeFiles/CMakeTmp'
Building CXX object CMakeFiles/cmTC_adf87.dir/src.cxx.o
/usr/bin/c++    -march=native -pthread -std=c++14 -fno-omit-frame-pointer -ffunction-sections -fdata-sections -Wall -Wextra -Wimplicit-fallthrough=2 -Wpointer-arith -Wcast-qual -Wsign-compare -Wduplicated-branches -Wduplicated-cond -Walloc-zero -Wlogical-op -Wno-tautological-compare -Wpointer-arith -DHAVE_CXX_FLAG_WVLA  -Wvla -fPIE   -Wvla -o CMakeFiles/cmTC_adf87.dir/src.cxx.o -c /root/liteclient-build/CMakeFiles/CMakeTmp/src.cxx
Linking CXX executable cmTC_adf87
/usr/bin/cmake -E cmake_link_script CMakeFiles/cmTC_adf87.dir/link.txt --verbose=1
/usr/bin/c++   -march=native -pthread -std=c++14 -fno-omit-frame-pointer -ffunction-sections -fdata-sections -Wall -Wextra -Wimplicit-fallthrough=2 -Wpointer-arith -Wcast-qual -Wsign-compare -Wduplicated-branches -Wduplicated-cond -Walloc-zero -Wlogical-op -Wno-tautological-compare -Wpointer-arith -DHAVE_CXX_FLAG_WVLA  -Wvla    -rdynamic CMakeFiles/cmTC_adf87.dir/src.cxx.o  -o cmTC_adf87 
make[1]: Leaving directory '/root/liteclient-build/CMakeFiles/CMakeTmp'

Source file was:
int main() { return 0; }
Performing C++ SOURCE FILE Test HAVE_CXX_FLAG_WNON_VIRTUAL_DTOR succeeded with the following output:
Change Dir: /root/liteclient-build/CMakeFiles/CMakeTmp

Run Build Command:"/usr/bin/make" "cmTC_e68bb/fast"
/usr/bin/make -f CMakeFiles/cmTC_e68bb.dir/build.make CMakeFiles/cmTC_e68bb.dir/build
make[1]: Entering directory '/root/liteclient-build/CMakeFiles/CMakeTmp'
Building CXX object CMakeFiles/cmTC_e68bb.dir/src.cxx.o
/usr/bin/c++    -march=native -pthread -std=c++14 -fno-omit-frame-pointer -ffunction-sections -fdata-sections -Wall -Wextra -Wimplicit-fallthrough=2 -Wpointer-arith -Wcast-qual -Wsign-compare -Wduplicated-branches -Wduplicated-cond -Walloc-zero -Wlogical-op -Wno-tautological-compare -Wpointer-arith -Wvla -DHAVE_CXX_FLAG_WNON_VIRTUAL_DTOR  -Wnon-virtual-dtor -fPIE   -Wnon-virtual-dtor -o CMakeFiles/cmTC_e68bb.dir/src.cxx.o -c /root/liteclient-build/CMakeFiles/CMakeTmp/src.cxx
Linking CXX executable cmTC_e68bb
/usr/bin/cmake -E cmake_link_script CMakeFiles/cmTC_e68bb.dir/link.txt --verbose=1
/usr/bin/c++   -march=native -pthread -std=c++14 -fno-omit-frame-pointer -ffunction-sections -fdata-sections -Wall -Wextra -Wimplicit-fallthrough=2 -Wpointer-arith -Wcast-qual -Wsign-compare -Wduplicated-branches -Wduplicated-cond -Walloc-zero -Wlogical-op -Wno-tautological-compare -Wpointer-arith -Wvla -DHAVE_CXX_FLAG_WNON_VIRTUAL_DTOR  -Wnon-virtual-dtor    -rdynamic CMakeFiles/cmTC_e68bb.dir/src.cxx.o  -o cmTC_e68bb 
make[1]: Leaving directory '/root/liteclient-build/CMakeFiles/CMakeTmp'

Source file was:
int main() { return 0; }
Performing C++ SOURCE FILE Test HAVE_CXX_FLAG_WUNUSED_PARAMETER succeeded with the following output:
Change Dir: /root/liteclient-build/CMakeFiles/CMakeTmp

Run Build Command:"/usr/bin/make" "cmTC_731c2/fast"
/usr/bin/make -f CMakeFiles/cmTC_731c2.dir/build.make CMakeFiles/cmTC_731c2.dir/build
make[1]: Entering directory '/root/liteclient-build/CMakeFiles/CMakeTmp'
Building CXX object CMakeFiles/cmTC_731c2.dir/src.cxx.o
/usr/bin/c++    -march=native -pthread -std=c++14 -fno-omit-frame-pointer -ffunction-sections -fdata-sections -Wall -Wextra -Wimplicit-fallthrough=2 -Wpointer-arith -Wcast-qual -Wsign-compare -Wduplicated-branches -Wduplicated-cond -Walloc-zero -Wlogical-op -Wno-tautological-compare -Wpointer-arith -Wvla -Wnon-virtual-dtor -DHAVE_CXX_FLAG_WUNUSED_PARAMETER  -Wno-unused-parameter -fPIE   -Wunused-parameter -o CMakeFiles/cmTC_731c2.dir/src.cxx.o -c /root/liteclient-build/CMakeFiles/CMakeTmp/src.cxx
Linking CXX executable cmTC_731c2
/usr/bin/cmake -E cmake_link_script CMakeFiles/cmTC_731c2.dir/link.txt --verbose=1
/usr/bin/c++   -march=native -pthread -std=c++14 -fno-omit-frame-pointer -ffunction-sections -fdata-sections -Wall -Wextra -Wimplicit-fallthrough=2 -Wpointer-arith -Wcast-qual -Wsign-compare -Wduplicated-branches -Wduplicated-cond -Walloc-zero -Wlogical-op -Wno-tautological-compare -Wpointer-arith -Wvla -Wnon-virtual-dtor -DHAVE_CXX_FLAG_WUNUSED_PARAMETER  -Wno-unused-parameter    -rdynamic CMakeFiles/cmTC_731c2.dir/src.cxx.o  -o cmTC_731c2 
make[1]: Leaving directory '/root/liteclient-build/CMakeFiles/CMakeTmp'

Source file was:
int main() { return 0; }
Performing C++ SOURCE FILE Test HAVE_CXX_FLAG_WCONVERSION succeeded with the following output:
Change Dir: /root/liteclient-build/CMakeFiles/CMakeTmp

Run Build Command:"/usr/bin/make" "cmTC_ed061/fast"
/usr/bin/make -f CMakeFiles/cmTC_ed061.dir/build.make CMakeFiles/cmTC_ed061.dir/build
make[1]: Entering directory '/root/liteclient-build/CMakeFiles/CMakeTmp'
Building CXX object CMakeFiles/cmTC_ed061.dir/src.cxx.o
/usr/bin/c++    -march=native -pthread -std=c++14 -fno-omit-frame-pointer -ffunction-sections -fdata-sections -Wall -Wextra -Wimplicit-fallthrough=2 -Wpointer-arith -Wcast-qual -Wsign-compare -Wduplicated-branches -Wduplicated-cond -Walloc-zero -Wlogical-op -Wno-tautological-compare -Wpointer-arith -Wvla -Wnon-virtual-dtor -Wno-unused-parameter -DHAVE_CXX_FLAG_WCONVERSION  -Wconversion -fPIE   -Wconversion -o CMakeFiles/cmTC_ed061.dir/src.cxx.o -c /root/liteclient-build/CMakeFiles/CMakeTmp/src.cxx
Linking CXX executable cmTC_ed061
/usr/bin/cmake -E cmake_link_script CMakeFiles/cmTC_ed061.dir/link.txt --verbose=1
/usr/bin/c++   -march=native -pthread -std=c++14 -fno-omit-frame-pointer -ffunction-sections -fdata-sections -Wall -Wextra -Wimplicit-fallthrough=2 -Wpointer-arith -Wcast-qual -Wsign-compare -Wduplicated-branches -Wduplicated-cond -Walloc-zero -Wlogical-op -Wno-tautological-compare -Wpointer-arith -Wvla -Wnon-virtual-dtor -Wno-unused-parameter -DHAVE_CXX_FLAG_WCONVERSION  -Wconversion    -rdynamic CMakeFiles/cmTC_ed061.dir/src.cxx.o  -o cmTC_ed061 
make[1]: Leaving directory '/root/liteclient-build/CMakeFiles/CMakeTmp'

Source file was:
int main() { return 0; }
Performing C++ SOURCE FILE Test HAVE_CXX_FLAG_WSIGN_CONVERSION succeeded with the following output:
Change Dir: /root/liteclient-build/CMakeFiles/CMakeTmp

Run Build Command:"/usr/bin/make" "cmTC_d9c9d/fast"
/usr/bin/make -f CMakeFiles/cmTC_d9c9d.dir/build.make CMakeFiles/cmTC_d9c9d.dir/build
make[1]: Entering directory '/root/liteclient-build/CMakeFiles/CMakeTmp'
Building CXX object CMakeFiles/cmTC_d9c9d.dir/src.cxx.o
/usr/bin/c++    -march=native -pthread -std=c++14 -fno-omit-frame-pointer -ffunction-sections -fdata-sections -Wall -Wextra -Wimplicit-fallthrough=2 -Wpointer-arith -Wcast-qual -Wsign-compare -Wduplicated-branches -Wduplicated-cond -Walloc-zero -Wlogical-op -Wno-tautological-compare -Wpointer-arith -Wvla -Wnon-virtual-dtor -Wno-unused-parameter -Wconversion -DHAVE_CXX_FLAG_WSIGN_CONVERSION  -Wno-sign-conversion -fPIE   -Wsign-conversion -o CMakeFiles/cmTC_d9c9d.dir/src.cxx.o -c /root/liteclient-build/CMakeFiles/CMakeTmp/src.cxx
Linking CXX executable cmTC_d9c9d
/usr/bin/cmake -E cmake_link_script CMakeFiles/cmTC_d9c9d.dir/link.txt --verbose=1
/usr/bin/c++   -march=native -pthread -std=c++14 -fno-omit-frame-pointer -ffunction-sections -fdata-sections -Wall -Wextra -Wimplicit-fallthrough=2 -Wpointer-arith -Wcast-qual -Wsign-compare -Wduplicated-branches -Wduplicated-cond -Walloc-zero -Wlogical-op -Wno-tautological-compare -Wpointer-arith -Wvla -Wnon-virtual-dtor -Wno-unused-parameter -Wconversion -DHAVE_CXX_FLAG_WSIGN_CONVERSION  -Wno-sign-conversion    -rdynamic CMakeFiles/cmTC_d9c9d.dir/src.cxx.o  -o cmTC_d9c9d 
make[1]: Leaving directory '/root/liteclient-build/CMakeFiles/CMakeTmp'

Source file was:
int main() { return 0; }
